#
# There is insufficient memory for the Java Runtime Environment to continue.
# Native memory allocation (mmap) failed to map 87031808 bytes for G1 virtual space
# Possible reasons:
#   The system is out of physical RAM or swap space
#   The process is running with CompressedOops enabled, and the Java Heap may be blocking the growth of the native heap
# Possible solutions:
#   Reduce memory load on the system
#   Increase physical memory or swap space
#   Check if swap backing store is full
#   Decrease Java heap size (-Xmx/-Xms)
#   Decrease number of Java threads
#   Decrease Java thread stack sizes (-Xss)
#   Set larger code cache with -XX:ReservedCodeCacheSize=
#   JVM is running with Unscaled Compressed Oops mode in which the Java heap is
#     placed in the first 4GB address space. The Java Heap base address is the
#     maximum limit for the native heap growth. Please use -XX:HeapBaseMinAddress
#     to set the Java Heap base and to place the Java Heap above 4GB virtual address.
# This output file may be truncated or incomplete.
#
#  Out of Memory Error (os_windows.cpp:3825), pid=26696, tid=9284
#
# JRE version: OpenJDK Runtime Environment (17.0.9) (build 17.0.9+0--11185874)
# Java VM: OpenJDK 64-Bit Server VM (17.0.9+0--11185874, mixed mode, tiered, compressed oops, compressed class ptrs, g1 gc, windows-amd64)
# No core dump will be written. Minidumps are not enabled by default on client versions of Windows
#

---------------  S U M M A R Y ------------

Command Line: --add-opens=java.base/java.util=ALL-UNNAMED --add-opens=java.base/java.lang=ALL-UNNAMED --add-opens=java.base/java.lang.invoke=ALL-UNNAMED --add-opens=java.prefs/java.util.prefs=ALL-UNNAMED --add-opens=java.base/java.nio.charset=ALL-UNNAMED --add-opens=java.base/java.net=ALL-UNNAMED --add-opens=java.base/java.util.concurrent.atomic=ALL-UNNAMED -Xmx2048m -Dfile.encoding=UTF-8 -Duser.country=FR -Duser.language=fr -Duser.variant -javaagent:C:\Users\PC\.gradle\wrapper\dists\gradle-8.4-bin\1w5dpkrfk8irigvoxmyhowfim\gradle-8.4\lib\agents\gradle-instrumentation-agent-8.4.jar org.gradle.launcher.daemon.bootstrap.GradleDaemon 8.4

Host: 12th Gen Intel(R) Core(TM) i7-1265U, 12 cores, 15G,  Windows 10 , 64 bit Build 19041 (10.0.19041.4842)
Time: Mon Oct 21 13:30:57 2024 Maroc (heure d64 bit Build 19041 (10.0.19041.4842) elapsed time: 10.984437 seconds (0d 0h 0m 10s)

---------------  T H R E A D  ---------------

Current thread (0x0000017dc717dd10):  VMThread "VM Thread" [stack: 0x0000006dae000000,0x0000006dae100000] [id=9284]

Stack: [0x0000006dae000000,0x0000006dae100000]
Native frames: (J=compiled Java code, j=interpreted, Vv=VM code, C=native code)
V  [jvm.dll+0x6886e9]
V  [jvm.dll+0x841e4a]
V  [jvm.dll+0x843a8e]
V  [jvm.dll+0x8440f3]
V  [jvm.dll+0x24c14f]
V  [jvm.dll+0x685499]
V  [jvm.dll+0x679c2a]
V  [jvm.dll+0x30cf9b]
V  [jvm.dll+0x314446]
V  [jvm.dll+0x36425e]
V  [jvm.dll+0x36448f]
V  [jvm.dll+0x2e2d68]
V  [jvm.dll+0x2e0f44]
V  [jvm.dll+0x2e054c]
V  [jvm.dll+0x3253fb]
V  [jvm.dll+0x8487eb]
V  [jvm.dll+0x849531]
V  [jvm.dll+0x849a4d]
V  [jvm.dll+0x849e24]
V  [jvm.dll+0x849ef0]
V  [jvm.dll+0x7f06aa]
V  [jvm.dll+0x687565]
C  [ucrtbase.dll+0x21bb2]
C  [KERNEL32.DLL+0x17374]
C  [ntdll.dll+0x4cc91]

VM_Operation (0x0000006dafaf2530): G1CollectForAllocation, mode: safepoint, requested by thread 0x0000017dcdf879c0


---------------  P R O C E S S  ---------------

Threads class SMR info:
_java_thread_list=0x0000017dd16658c0, length=61, elements={
0x0000017dacd015e0, 0x0000017dc71619f0, 0x0000017dc71914d0, 0x0000017dc71a8d30,
0x0000017dc71a9600, 0x0000017dc71a9ed0, 0x0000017dc71bd280, 0x0000017dc71bdb40,
0x0000017dc71c2620, 0x0000017dc71cd360, 0x0000017dc7301340, 0x0000017dc74fe240,
0x0000017dcc75b710, 0x0000017dce2e10e0, 0x0000017dccd98c00, 0x0000017dcd0a4890,
0x0000017dccf078c0, 0x0000017dce4c2030, 0x0000017dcdf89820, 0x0000017dcdf879c0,
0x0000017dcdf888f0, 0x0000017dcdf883e0, 0x0000017dcdf88e00, 0x0000017dcdf86070,
0x0000017dcdf86580, 0x0000017dcdf874b0, 0x0000017dcd2e2be0, 0x0000017dcd2e5460,
0x0000017dcd2e0360, 0x0000017dcd2e68a0, 0x0000017dcd2df940, 0x0000017dcd2e1290,
0x0000017dcd2e30f0, 0x0000017dcd2e6db0, 0x0000017dcd2e3b10, 0x0000017dcd2e6390,
0x0000017dcd2e1cb0, 0x0000017dcd2e26d0, 0x0000017dcdff5130, 0x0000017dcdff4c20,
0x0000017dcdff0f60, 0x0000017dcdff3cf0, 0x0000017dcdff1980, 0x0000017dcdff2dc0,
0x0000017dcdff1470, 0x0000017dcdff28b0, 0x0000017dcdff5b50, 0x0000017dcdff74a0,
0x0000017dcdff4710, 0x0000017dcdff0540, 0x0000017dcdff5640, 0x0000017dcdff0030,
0x0000017dcdff6570, 0x0000017dcdff6a80, 0x0000017dcdff6060, 0x0000017dcdff6f90,
0x0000017dcdff23a0, 0x0000017dcdff32d0, 0x0000017dcdff79b0, 0x0000017dcdff0a50,
0x0000017dd04ff980
}

Java Threads: ( => current thread )
  0x0000017dacd015e0 JavaThread "main" [_thread_blocked, id=20232, stack(0x0000006dada00000,0x0000006dadb00000)]
  0x0000017dc71619f0 JavaThread "Reference Handler" daemon [_thread_blocked, id=25784, stack(0x0000006dae100000,0x0000006dae200000)]
  0x0000017dc71914d0 JavaThread "Finalizer" daemon [_thread_blocked, id=5028, stack(0x0000006dae200000,0x0000006dae300000)]
  0x0000017dc71a8d30 JavaThread "Signal Dispatcher" daemon [_thread_blocked, id=19532, stack(0x0000006dae300000,0x0000006dae400000)]
  0x0000017dc71a9600 JavaThread "Attach Listener" daemon [_thread_blocked, id=15376, stack(0x0000006dae400000,0x0000006dae500000)]
  0x0000017dc71a9ed0 JavaThread "Service Thread" daemon [_thread_blocked, id=21200, stack(0x0000006dae500000,0x0000006dae600000)]
  0x0000017dc71bd280 JavaThread "Monitor Deflation Thread" daemon [_thread_blocked, id=26516, stack(0x0000006dae600000,0x0000006dae700000)]
  0x0000017dc71bdb40 JavaThread "C2 CompilerThread0" daemon [_thread_blocked, id=27252, stack(0x0000006dae700000,0x0000006dae800000)]
  0x0000017dc71c2620 JavaThread "C1 CompilerThread0" daemon [_thread_blocked, id=12428, stack(0x0000006dae800000,0x0000006dae900000)]
  0x0000017dc71cd360 JavaThread "Sweeper thread" daemon [_thread_blocked, id=8896, stack(0x0000006dae900000,0x0000006daea00000)]
  0x0000017dc7301340 JavaThread "Common-Cleaner" daemon [_thread_blocked, id=24372, stack(0x0000006daea00000,0x0000006daeb00000)]
  0x0000017dc74fe240 JavaThread "Notification Thread" daemon [_thread_blocked, id=14468, stack(0x0000006daeb00000,0x0000006daec00000)]
  0x0000017dcc75b710 JavaThread "C2 CompilerThread1" daemon [_thread_blocked, id=7588, stack(0x0000006daed00000,0x0000006daee00000)]
  0x0000017dce2e10e0 JavaThread "Daemon health stats" [_thread_blocked, id=19340, stack(0x0000006daf400000,0x0000006daf500000)]
  0x0000017dccd98c00 JavaThread "Incoming local TCP Connector on port 56788" [_thread_in_native, id=26220, stack(0x0000006daf500000,0x0000006daf600000)]
  0x0000017dcd0a4890 JavaThread "Daemon periodic checks" [_thread_blocked, id=20596, stack(0x0000006daf600000,0x0000006daf700000)]
  0x0000017dccf078c0 JavaThread "Daemon" [_thread_blocked, id=9620, stack(0x0000006daf700000,0x0000006daf800000)]
  0x0000017dce4c2030 JavaThread "Handler for socket connection from /127.0.0.1:56788 to /127.0.0.1:56789" [_thread_in_native, id=6792, stack(0x0000006daf800000,0x0000006daf900000)]
  0x0000017dcdf89820 JavaThread "Cancel handler" [_thread_blocked, id=8396, stack(0x0000006daf900000,0x0000006dafa00000)]
  0x0000017dcdf879c0 JavaThread "Daemon worker" [_thread_blocked, id=17016, stack(0x0000006dafa00000,0x0000006dafb00000)]
  0x0000017dcdf888f0 JavaThread "Asynchronous log dispatcher for DefaultDaemonConnection: socket connection from /127.0.0.1:56788 to /127.0.0.1:56789" [_thread_blocked, id=912, stack(0x0000006dafb00000,0x0000006dafc00000)]
  0x0000017dcdf883e0 JavaThread "Stdin handler" [_thread_blocked, id=24332, stack(0x0000006dafc00000,0x0000006dafd00000)]
  0x0000017dcdf88e00 JavaThread "Daemon client event forwarder" [_thread_blocked, id=11280, stack(0x0000006dafd00000,0x0000006dafe00000)]
  0x0000017dcdf86070 JavaThread "Cache worker for journal cache (C:\Users\PC\.gradle\caches\journal-1)" [_thread_blocked, id=9380, stack(0x0000006daf300000,0x0000006daf400000)]
  0x0000017dcdf86580 JavaThread "File lock request listener" [_thread_in_native, id=27144, stack(0x0000006db0400000,0x0000006db0500000)]
  0x0000017dcdf874b0 JavaThread "Cache worker for file hash cache (C:\Users\PC\.gradle\caches\8.4\fileHashes)" [_thread_blocked, id=1960, stack(0x0000006db0500000,0x0000006db0600000)]
  0x0000017dcd2e2be0 JavaThread "File watcher server" daemon [_thread_blocked, id=11620, stack(0x0000006db0700000,0x0000006db0800000)]
  0x0000017dcd2e5460 JavaThread "File watcher consumer" daemon [_thread_blocked, id=24128, stack(0x0000006db0800000,0x0000006db0900000)]
  0x0000017dcd2e0360 JavaThread "Cache worker for checksums cache (C:\Users\PC\Downloads\To_Do_List\.gradle\8.4\checksums)" [_thread_blocked, id=14496, stack(0x0000006db0900000,0x0000006db0a00000)]
  0x0000017dcd2e68a0 JavaThread "Cache worker for file hash cache (C:\Users\PC\Downloads\To_Do_List\.gradle\8.4\fileHashes)" [_thread_blocked, id=9516, stack(0x0000006db0a00000,0x0000006db0b00000)]
  0x0000017dcd2df940 JavaThread "Cache worker for cache directory md-supplier (C:\Users\PC\.gradle\caches\8.4\md-supplier)" [_thread_blocked, id=14020, stack(0x0000006db0b00000,0x0000006db0c00000)]
  0x0000017dcd2e1290 JavaThread "Cache worker for file content cache (C:\Users\PC\.gradle\caches\8.4\fileContent)" [_thread_blocked, id=15200, stack(0x0000006db0c00000,0x0000006db0d00000)]
  0x0000017dcd2e30f0 JavaThread "Cache worker for cache directory md-rule (C:\Users\PC\.gradle\caches\8.4\md-rule)" [_thread_blocked, id=16424, stack(0x0000006db0d00000,0x0000006db0e00000)]
  0x0000017dcd2e6db0 JavaThread "Cache worker for execution history cache (C:\Users\PC\.gradle\caches\8.4\executionHistory)" [_thread_blocked, id=14800, stack(0x0000006db0e00000,0x0000006db0f00000)]
  0x0000017dcd2e3b10 JavaThread "jar transforms" [_thread_blocked, id=14972, stack(0x0000006db0f00000,0x0000006db1000000)]
  0x0000017dcd2e6390 JavaThread "jar transforms Thread 2" [_thread_blocked, id=1956, stack(0x0000006db1000000,0x0000006db1100000)]
  0x0000017dcd2e1cb0 JavaThread "jar transforms Thread 3" [_thread_blocked, id=2788, stack(0x0000006db1100000,0x0000006db1200000)]
  0x0000017dcd2e26d0 JavaThread "jar transforms Thread 4" [_thread_blocked, id=20632, stack(0x0000006db1200000,0x0000006db1300000)]
  0x0000017dcdff5130 JavaThread "Cache worker for kotlin-dsl (C:\Users\PC\.gradle\caches\8.4\kotlin-dsl)" [_thread_blocked, id=15296, stack(0x0000006db1300000,0x0000006db1400000)]
  0x0000017dcdff4c20 JavaThread "jar transforms Thread 5" [_thread_blocked, id=23340, stack(0x0000006db1400000,0x0000006db1500000)]
  0x0000017dcdff0f60 JavaThread "jar transforms Thread 6" [_thread_blocked, id=16128, stack(0x0000006db1500000,0x0000006db1600000)]
  0x0000017dcdff3cf0 JavaThread "jar transforms Thread 7" [_thread_blocked, id=15872, stack(0x0000006db1600000,0x0000006db1700000)]
  0x0000017dcdff1980 JavaThread "jar transforms Thread 8" [_thread_blocked, id=26576, stack(0x0000006db1700000,0x0000006db1800000)]
  0x0000017dcdff2dc0 JavaThread "Cache worker for dependencies-accessors (C:\Users\PC\Downloads\To_Do_List\.gradle\8.4\dependencies-accessors)" [_thread_blocked, id=25512, stack(0x0000006db1800000,0x0000006db1900000)]
  0x0000017dcdff1470 JavaThread "Cache worker for Build Output Cleanup Cache (C:\Users\PC\Downloads\To_Do_List\.gradle\buildOutputCleanup)" [_thread_blocked, id=10936, stack(0x0000006db1900000,0x0000006db1a00000)]
  0x0000017dcdff28b0 JavaThread "jar transforms Thread 9" [_thread_blocked, id=10976, stack(0x0000006db1a00000,0x0000006db1b00000)]
  0x0000017dcdff5b50 JavaThread "jar transforms Thread 10" [_thread_blocked, id=21380, stack(0x0000006db1b00000,0x0000006db1c00000)]
  0x0000017dcdff74a0 JavaThread "Unconstrained build operations" [_thread_blocked, id=10932, stack(0x0000006db1c00000,0x0000006db1d00000)]
  0x0000017dcdff4710 JavaThread "Unconstrained build operations Thread 2" [_thread_blocked, id=18188, stack(0x0000006db1d00000,0x0000006db1e00000)]
  0x0000017dcdff0540 JavaThread "Unconstrained build operations Thread 3" [_thread_blocked, id=27492, stack(0x0000006db1e00000,0x0000006db1f00000)]
  0x0000017dcdff5640 JavaThread "Unconstrained build operations Thread 4" [_thread_blocked, id=23628, stack(0x0000006db1f00000,0x0000006db2000000)]
  0x0000017dcdff0030 JavaThread "Unconstrained build operations Thread 5" [_thread_blocked, id=12092, stack(0x0000006db2000000,0x0000006db2100000)]
  0x0000017dcdff6570 JavaThread "Unconstrained build operations Thread 6" [_thread_blocked, id=25976, stack(0x0000006db2100000,0x0000006db2200000)]
  0x0000017dcdff6a80 JavaThread "Unconstrained build operations Thread 7" [_thread_blocked, id=27120, stack(0x0000006db2200000,0x0000006db2300000)]
  0x0000017dcdff6060 JavaThread "Unconstrained build operations Thread 8" [_thread_blocked, id=10260, stack(0x0000006db2300000,0x0000006db2400000)]
  0x0000017dcdff6f90 JavaThread "Unconstrained build operations Thread 9" [_thread_blocked, id=14216, stack(0x0000006db2400000,0x0000006db2500000)]
  0x0000017dcdff23a0 JavaThread "Unconstrained build operations Thread 10" [_thread_blocked, id=20880, stack(0x0000006db2500000,0x0000006db2600000)]
  0x0000017dcdff32d0 JavaThread "Unconstrained build operations Thread 11" [_thread_blocked, id=5212, stack(0x0000006db2600000,0x0000006db2700000)]
  0x0000017dcdff79b0 JavaThread "jar transforms Thread 11" [_thread_blocked, id=26732, stack(0x0000006db2700000,0x0000006db2800000)]
  0x0000017dcdff0a50 JavaThread "jar transforms Thread 12" [_thread_blocked, id=1108, stack(0x0000006db2800000,0x0000006db2900000)]
  0x0000017dd04ff980 JavaThread "build event listener" [_thread_blocked, id=21116, stack(0x0000006db0600000,0x0000006db0700000)]

Other Threads:
=>0x0000017dc717dd10 VMThread "VM Thread" [stack: 0x0000006dae000000,0x0000006dae100000] [id=9284]
  0x0000017dc746fbd0 WatcherThread [stack: 0x0000006daec00000,0x0000006daed00000] [id=17792]
  0x0000017dacd5cb90 GCTaskThread "GC Thread#0" [stack: 0x0000006dadb00000,0x0000006dadc00000] [id=23916]
  0x0000017dcc198020 GCTaskThread "GC Thread#1" [stack: 0x0000006daee00000,0x0000006daef00000] [id=6492]
  0x0000017dcc211320 GCTaskThread "GC Thread#2" [stack: 0x0000006daef00000,0x0000006daf000000] [id=3272]
  0x0000017dcc2115e0 GCTaskThread "GC Thread#3" [stack: 0x0000006daf000000,0x0000006daf100000] [id=21144]
  0x0000017dcc37c050 GCTaskThread "GC Thread#4" [stack: 0x0000006daf100000,0x0000006daf200000] [id=8576]
  0x0000017dcc37c310 GCTaskThread "GC Thread#5" [stack: 0x0000006daf200000,0x0000006daf300000] [id=8212]
  0x0000017dcca8a9f0 GCTaskThread "GC Thread#6" [stack: 0x0000006dafe00000,0x0000006daff00000] [id=22804]
  0x0000017dcc5fda10 GCTaskThread "GC Thread#7" [stack: 0x0000006daff00000,0x0000006db0000000] [id=19552]
  0x0000017dcd6aedf0 GCTaskThread "GC Thread#8" [stack: 0x0000006db0000000,0x0000006db0100000] [id=27260]
  0x0000017dcdc1ff10 GCTaskThread "GC Thread#9" [stack: 0x0000006db0100000,0x0000006db0200000] [id=10616]
  0x0000017dacd6e200 ConcurrentGCThread "G1 Main Marker" [stack: 0x0000006dadc00000,0x0000006dadd00000] [id=17504]
  0x0000017dacd702e0 ConcurrentGCThread "G1 Conc#0" [stack: 0x0000006dadd00000,0x0000006dade00000] [id=3460]
  0x0000017dcc582480 ConcurrentGCThread "G1 Conc#1" [stack: 0x0000006db0200000,0x0000006db0300000] [id=13136]
  0x0000017dcc581c40 ConcurrentGCThread "G1 Conc#2" [stack: 0x0000006db0300000,0x0000006db0400000] [id=10016]
  0x0000017dacdbd9d0 ConcurrentGCThread "G1 Refine#0" [stack: 0x0000006dade00000,0x0000006dadf00000] [id=8264]
  0x0000017dacdbe310 ConcurrentGCThread "G1 Service" [stack: 0x0000006dadf00000,0x0000006dae000000] [id=25552]

Threads with active compile tasks:
C2 CompilerThread0    11002 8276       4       org.objectweb.asm.Frame::execute (2318 bytes)
C2 CompilerThread1    11002 8289       4       java.util.jar.JarFile::getManifest (5 bytes)

VM state: at safepoint (normal execution)

VM Mutex/Monitor currently owned by a thread:  ([mutex/lock_event])
[0x0000017daccfdc10] Threads_lock - owner thread: 0x0000017dc717dd10
[0x0000017daccfd3a0] Heap_lock - owner thread: 0x0000017dcdf879c0

Heap address: 0x0000000080000000, size: 2048 MB, Compressed Oops mode: 32-bit

CDS archive(s) not mapped
Compressed class space mapped at: 0x0000000100000000-0x0000000140000000, reserved size: 1073741824
Narrow klass base: 0x0000000000000000, Narrow klass shift: 3, Narrow klass range: 0x140000000

GC Precious Log:
 CPUs: 12 total, 12 available
 Memory: 16089M
 Large Page Support: Disabled
 NUMA Support: Disabled
 Compressed Oops: Enabled (32-bit)
 Heap Region Size: 1M
 Heap Min Capacity: 8M
 Heap Initial Capacity: 252M
 Heap Max Capacity: 2G
 Pre-touch: Disabled
 Parallel Workers: 10
 Concurrent Workers: 3
 Concurrent Refinement Workers: 10
 Periodic GC: Disabled

Heap:
 garbage-first heap   total 125952K, used 75666K [0x0000000080000000, 0x0000000100000000)
  region size 1024K, 1 young (1024K), 1 survivors (1024K)
 Metaspace       used 69514K, committed 70080K, reserved 1114112K
  class space    used 9342K, committed 9600K, reserved 1048576K

Heap Regions: E=young(eden), S=young(survivor), O=old, HS=humongous(starts), HC=humongous(continues), CS=collection set, F=free, OA=open archive, CA=closed archive, TAMS=top-at-mark-start (previous, next)
|   0|0x0000000080000000, 0x0000000080100000, 0x0000000080100000|100%|HS|  |TAMS 0x0000000080100000, 0x0000000080100000| Complete 
|   1|0x0000000080100000, 0x0000000080200000, 0x0000000080200000|100%|HC|  |TAMS 0x0000000080200000, 0x0000000080200000| Complete 
|   2|0x0000000080200000, 0x0000000080300000, 0x0000000080300000|100%|HC|  |TAMS 0x0000000080300000, 0x0000000080300000| Complete 
|   3|0x0000000080300000, 0x0000000080400000, 0x0000000080400000|100%|HC|  |TAMS 0x0000000080400000, 0x0000000080400000| Complete 
|   4|0x0000000080400000, 0x0000000080500000, 0x0000000080500000|100%| O|  |TAMS 0x0000000080500000, 0x0000000080500000| Untracked 
|   5|0x0000000080500000, 0x0000000080600000, 0x0000000080600000|100%| O|  |TAMS 0x0000000080600000, 0x0000000080600000| Untracked 
|   6|0x0000000080600000, 0x0000000080700000, 0x0000000080700000|100%| O|  |TAMS 0x0000000080700000, 0x0000000080700000| Untracked 
|   7|0x0000000080700000, 0x0000000080800000, 0x0000000080800000|100%| O|  |TAMS 0x0000000080800000, 0x0000000080800000| Untracked 
|   8|0x0000000080800000, 0x0000000080900000, 0x0000000080900000|100%| O|  |TAMS 0x0000000080900000, 0x0000000080900000| Untracked 
|   9|0x0000000080900000, 0x0000000080a00000, 0x0000000080a00000|100%| O|  |TAMS 0x0000000080a00000, 0x0000000080a00000| Untracked 
|  10|0x0000000080a00000, 0x0000000080b00000, 0x0000000080b00000|100%| O|  |TAMS 0x0000000080b00000, 0x0000000080b00000| Untracked 
|  11|0x0000000080b00000, 0x0000000080c00000, 0x0000000080c00000|100%|HS|  |TAMS 0x0000000080c00000, 0x0000000080c00000| Complete 
|  12|0x0000000080c00000, 0x0000000080d00000, 0x0000000080d00000|100%| O|  |TAMS 0x0000000080d00000, 0x0000000080d00000| Untracked 
|  13|0x0000000080d00000, 0x0000000080e00000, 0x0000000080e00000|100%| O|  |TAMS 0x0000000080e00000, 0x0000000080e00000| Untracked 
|  14|0x0000000080e00000, 0x0000000080f00000, 0x0000000080f00000|100%| O|  |TAMS 0x0000000080f00000, 0x0000000080f00000| Untracked 
|  15|0x0000000080f00000, 0x0000000081000000, 0x0000000081000000|100%| O|  |TAMS 0x0000000081000000, 0x0000000081000000| Untracked 
|  16|0x0000000081000000, 0x0000000081100000, 0x0000000081100000|100%| O|  |TAMS 0x0000000081100000, 0x0000000081100000| Untracked 
|  17|0x0000000081100000, 0x0000000081200000, 0x0000000081200000|100%| O|  |TAMS 0x0000000081200000, 0x0000000081200000| Untracked 
|  18|0x0000000081200000, 0x0000000081300000, 0x0000000081300000|100%| O|  |TAMS 0x0000000081300000, 0x0000000081300000| Untracked 
|  19|0x0000000081300000, 0x0000000081400000, 0x0000000081400000|100%| O|  |TAMS 0x0000000081400000, 0x0000000081400000| Untracked 
|  20|0x0000000081400000, 0x0000000081500000, 0x0000000081500000|100%| O|  |TAMS 0x0000000081500000, 0x0000000081500000| Untracked 
|  21|0x0000000081500000, 0x0000000081600000, 0x0000000081600000|100%| O|  |TAMS 0x0000000081600000, 0x0000000081600000| Untracked 
|  22|0x0000000081600000, 0x0000000081700000, 0x0000000081700000|100%| O|  |TAMS 0x0000000081700000, 0x0000000081700000| Untracked 
|  23|0x0000000081700000, 0x0000000081700000, 0x0000000081800000|  0%| F|  |TAMS 0x0000000081700000, 0x0000000081700000| Untracked 
|  24|0x0000000081800000, 0x0000000081900000, 0x0000000081900000|100%| O|  |TAMS 0x0000000081900000, 0x0000000081900000| Untracked 
|  25|0x0000000081900000, 0x0000000081a00000, 0x0000000081a00000|100%| O|  |TAMS 0x0000000081a00000, 0x0000000081a00000| Untracked 
|  26|0x0000000081a00000, 0x0000000081b00000, 0x0000000081b00000|100%| O|  |TAMS 0x0000000081b00000, 0x0000000081b00000| Untracked 
|  27|0x0000000081b00000, 0x0000000081c00000, 0x0000000081c00000|100%| O|  |TAMS 0x0000000081c00000, 0x0000000081c00000| Untracked 
|  28|0x0000000081c00000, 0x0000000081d00000, 0x0000000081d00000|100%| O|  |TAMS 0x0000000081d00000, 0x0000000081d00000| Untracked 
|  29|0x0000000081d00000, 0x0000000081e00000, 0x0000000081e00000|100%| O|  |TAMS 0x0000000081e00000, 0x0000000081e00000| Untracked 
|  30|0x0000000081e00000, 0x0000000081f00000, 0x0000000081f00000|100%| O|  |TAMS 0x0000000081f00000, 0x0000000081f00000| Untracked 
|  31|0x0000000081f00000, 0x0000000082000000, 0x0000000082000000|100%| O|  |TAMS 0x0000000082000000, 0x0000000082000000| Untracked 
|  32|0x0000000082000000, 0x0000000082100000, 0x0000000082100000|100%| O|  |TAMS 0x0000000082100000, 0x0000000082100000| Untracked 
|  33|0x0000000082100000, 0x0000000082200000, 0x0000000082200000|100%| O|  |TAMS 0x0000000082200000, 0x0000000082200000| Untracked 
|  34|0x0000000082200000, 0x0000000082300000, 0x0000000082300000|100%| O|  |TAMS 0x0000000082300000, 0x0000000082300000| Untracked 
|  35|0x0000000082300000, 0x0000000082400000, 0x0000000082400000|100%| O|  |TAMS 0x0000000082400000, 0x0000000082400000| Untracked 
|  36|0x0000000082400000, 0x0000000082500000, 0x0000000082500000|100%| O|  |TAMS 0x0000000082500000, 0x0000000082500000| Untracked 
|  37|0x0000000082500000, 0x0000000082600000, 0x0000000082600000|100%| O|  |TAMS 0x0000000082600000, 0x0000000082600000| Untracked 
|  38|0x0000000082600000, 0x0000000082700000, 0x0000000082700000|100%| O|  |TAMS 0x0000000082700000, 0x0000000082700000| Untracked 
|  39|0x0000000082700000, 0x0000000082800000, 0x0000000082800000|100%| O|  |TAMS 0x0000000082800000, 0x0000000082800000| Untracked 
|  40|0x0000000082800000, 0x0000000082900000, 0x0000000082900000|100%| O|  |TAMS 0x0000000082900000, 0x0000000082900000| Untracked 
|  41|0x0000000082900000, 0x0000000082a00000, 0x0000000082a00000|100%| O|  |TAMS 0x0000000082a00000, 0x0000000082a00000| Untracked 
|  42|0x0000000082a00000, 0x0000000082b00000, 0x0000000082b00000|100%| O|  |TAMS 0x0000000082b00000, 0x0000000082b00000| Untracked 
|  43|0x0000000082b00000, 0x0000000082c00000, 0x0000000082c00000|100%| O|  |TAMS 0x0000000082c00000, 0x0000000082c00000| Untracked 
|  44|0x0000000082c00000, 0x0000000082d00000, 0x0000000082d00000|100%| O|  |TAMS 0x0000000082d00000, 0x0000000082d00000| Untracked 
|  45|0x0000000082d00000, 0x0000000082e00000, 0x0000000082e00000|100%| O|  |TAMS 0x0000000082e00000, 0x0000000082e00000| Untracked 
|  46|0x0000000082e00000, 0x0000000082f00000, 0x0000000082f00000|100%| O|  |TAMS 0x0000000082f00000, 0x0000000082f00000| Untracked 
|  47|0x0000000082f00000, 0x0000000083000000, 0x0000000083000000|100%| O|  |TAMS 0x0000000083000000, 0x0000000083000000| Untracked 
|  48|0x0000000083000000, 0x0000000083100000, 0x0000000083100000|100%| O|  |TAMS 0x0000000083100000, 0x0000000083100000| Untracked 
|  49|0x0000000083100000, 0x0000000083200000, 0x0000000083200000|100%|HS|  |TAMS 0x0000000083200000, 0x0000000083200000| Complete 
|  50|0x0000000083200000, 0x0000000083300000, 0x0000000083300000|100%|HS|  |TAMS 0x0000000083300000, 0x0000000083300000| Complete 
|  51|0x0000000083300000, 0x0000000083400000, 0x0000000083400000|100%|HC|  |TAMS 0x0000000083400000, 0x0000000083400000| Complete 
|  52|0x0000000083400000, 0x0000000083500000, 0x0000000083500000|100%|HS|  |TAMS 0x0000000083500000, 0x0000000083500000| Complete 
|  53|0x0000000083500000, 0x0000000083600000, 0x0000000083600000|100%|HC|  |TAMS 0x0000000083600000, 0x0000000083600000| Complete 
|  54|0x0000000083600000, 0x0000000083700000, 0x0000000083700000|100%|HS|  |TAMS 0x0000000083700000, 0x0000000083700000| Complete 
|  55|0x0000000083700000, 0x0000000083800000, 0x0000000083800000|100%| O|  |TAMS 0x0000000083700000, 0x0000000083800000| Untracked 
|  56|0x0000000083800000, 0x0000000083900000, 0x0000000083900000|100%|HS|  |TAMS 0x0000000083800000, 0x0000000083900000| Complete 
|  57|0x0000000083900000, 0x0000000083a00000, 0x0000000083a00000|100%|HC|  |TAMS 0x0000000083900000, 0x0000000083a00000| Complete 
|  58|0x0000000083a00000, 0x0000000083b00000, 0x0000000083b00000|100%|HC|  |TAMS 0x0000000083a00000, 0x0000000083b00000| Complete 
|  59|0x0000000083b00000, 0x0000000083c00000, 0x0000000083c00000|100%|HC|  |TAMS 0x0000000083b00000, 0x0000000083c00000| Complete 
|  60|0x0000000083c00000, 0x0000000083d00000, 0x0000000083d00000|100%| O|  |TAMS 0x0000000083c00000, 0x0000000083d00000| Untracked 
|  61|0x0000000083d00000, 0x0000000083e00000, 0x0000000083e00000|100%|HS|  |TAMS 0x0000000083d00000, 0x0000000083e00000| Complete 
|  62|0x0000000083e00000, 0x0000000083f00000, 0x0000000083f00000|100%|HS|  |TAMS 0x0000000083e00000, 0x0000000083f00000| Complete 
|  63|0x0000000083f00000, 0x0000000084000000, 0x0000000084000000|100%| O|  |TAMS 0x0000000083f00000, 0x0000000084000000| Untracked 
|  64|0x0000000084000000, 0x0000000084100000, 0x0000000084100000|100%| O|  |TAMS 0x0000000084000000, 0x0000000084100000| Untracked 
|  65|0x0000000084100000, 0x0000000084200000, 0x0000000084200000|100%| O|  |TAMS 0x0000000084100000, 0x0000000084200000| Untracked 
|  66|0x0000000084200000, 0x0000000084300000, 0x0000000084300000|100%| O|  |TAMS 0x0000000084200000, 0x0000000084300000| Untracked 
|  67|0x0000000084300000, 0x0000000084400000, 0x0000000084400000|100%| O|  |TAMS 0x0000000084300000, 0x0000000084400000| Untracked 
|  68|0x0000000084400000, 0x0000000084500000, 0x0000000084500000|100%| O|  |TAMS 0x0000000084400000, 0x0000000084500000| Untracked 
|  69|0x0000000084500000, 0x0000000084600000, 0x0000000084600000|100%| O|  |TAMS 0x0000000084500000, 0x0000000084600000| Untracked 
|  70|0x0000000084600000, 0x0000000084700000, 0x0000000084700000|100%| O|  |TAMS 0x0000000084600000, 0x0000000084700000| Untracked 
|  71|0x0000000084700000, 0x0000000084800000, 0x0000000084800000|100%| O|  |TAMS 0x0000000084700000, 0x0000000084800000| Untracked 
|  72|0x0000000084800000, 0x0000000084900000, 0x0000000084900000|100%| O|  |TAMS 0x0000000084800000, 0x0000000084900000| Untracked 
|  73|0x0000000084900000, 0x00000000849f9e00, 0x0000000084a00000| 97%| O|  |TAMS 0x0000000084900000, 0x00000000849f9e00| Untracked 
|  74|0x0000000084a00000, 0x0000000084a00000, 0x0000000084b00000|  0%| F|  |TAMS 0x0000000084a00000, 0x0000000084a00000| Untracked 
|  75|0x0000000084b00000, 0x0000000084b00000, 0x0000000084c00000|  0%| F|  |TAMS 0x0000000084b00000, 0x0000000084b00000| Untracked 
|  76|0x0000000084c00000, 0x0000000084c00000, 0x0000000084d00000|  0%| F|  |TAMS 0x0000000084c00000, 0x0000000084c00000| Untracked 
|  77|0x0000000084d00000, 0x0000000084d00000, 0x0000000084e00000|  0%| F|  |TAMS 0x0000000084d00000, 0x0000000084d00000| Untracked 
|  78|0x0000000084e00000, 0x0000000084e00000, 0x0000000084f00000|  0%| F|  |TAMS 0x0000000084e00000, 0x0000000084e00000| Untracked 
|  79|0x0000000084f00000, 0x0000000084f00000, 0x0000000085000000|  0%| F|  |TAMS 0x0000000084f00000, 0x0000000084f00000| Untracked 
|  80|0x0000000085000000, 0x0000000085000000, 0x0000000085100000|  0%| F|  |TAMS 0x0000000085000000, 0x0000000085000000| Untracked 
|  81|0x0000000085100000, 0x0000000085100000, 0x0000000085200000|  0%| F|  |TAMS 0x0000000085100000, 0x0000000085100000| Untracked 
|  82|0x0000000085200000, 0x0000000085200000, 0x0000000085300000|  0%| F|  |TAMS 0x0000000085200000, 0x0000000085200000| Untracked 
|  83|0x0000000085300000, 0x0000000085300000, 0x0000000085400000|  0%| F|  |TAMS 0x0000000085300000, 0x0000000085300000| Untracked 
|  84|0x0000000085400000, 0x0000000085400000, 0x0000000085500000|  0%| F|  |TAMS 0x0000000085400000, 0x0000000085400000| Untracked 
|  85|0x0000000085500000, 0x0000000085500000, 0x0000000085600000|  0%| F|  |TAMS 0x0000000085500000, 0x0000000085500000| Untracked 
|  86|0x0000000085600000, 0x0000000085600000, 0x0000000085700000|  0%| F|  |TAMS 0x0000000085600000, 0x0000000085600000| Untracked 
|  87|0x0000000085700000, 0x0000000085700000, 0x0000000085800000|  0%| F|  |TAMS 0x0000000085700000, 0x0000000085700000| Untracked 
|  88|0x0000000085800000, 0x0000000085800000, 0x0000000085900000|  0%| F|  |TAMS 0x0000000085800000, 0x0000000085800000| Untracked 
|  89|0x0000000085900000, 0x0000000085900000, 0x0000000085a00000|  0%| F|  |TAMS 0x0000000085900000, 0x0000000085900000| Untracked 
|  90|0x0000000085a00000, 0x0000000085a00000, 0x0000000085b00000|  0%| F|  |TAMS 0x0000000085a00000, 0x0000000085a00000| Untracked 
|  91|0x0000000085b00000, 0x0000000085b00000, 0x0000000085c00000|  0%| F|  |TAMS 0x0000000085b00000, 0x0000000085b00000| Untracked 
|  92|0x0000000085c00000, 0x0000000085c00000, 0x0000000085d00000|  0%| F|  |TAMS 0x0000000085c00000, 0x0000000085c00000| Untracked 
|  93|0x0000000085d00000, 0x0000000085d00000, 0x0000000085e00000|  0%| F|  |TAMS 0x0000000085d00000, 0x0000000085d00000| Untracked 
|  94|0x0000000085e00000, 0x0000000085eeac90, 0x0000000085f00000| 91%| S|CS|TAMS 0x0000000085e00000, 0x0000000085e00000| Complete 
|  95|0x0000000085f00000, 0x0000000085f00000, 0x0000000086000000|  0%| F|  |TAMS 0x0000000085f00000, 0x0000000085f00000| Untracked 
|  96|0x0000000086000000, 0x0000000086000000, 0x0000000086100000|  0%| F|  |TAMS 0x0000000086000000, 0x0000000086000000| Untracked 
|  97|0x0000000086100000, 0x0000000086100000, 0x0000000086200000|  0%| F|  |TAMS 0x0000000086100000, 0x0000000086100000| Untracked 
|  98|0x0000000086200000, 0x0000000086200000, 0x0000000086300000|  0%| F|  |TAMS 0x0000000086200000, 0x0000000086200000| Untracked 
|  99|0x0000000086300000, 0x0000000086300000, 0x0000000086400000|  0%| F|  |TAMS 0x0000000086300000, 0x0000000086300000| Untracked 
| 100|0x0000000086400000, 0x0000000086400000, 0x0000000086500000|  0%| F|  |TAMS 0x0000000086400000, 0x0000000086400000| Untracked 
| 101|0x0000000086500000, 0x0000000086500000, 0x0000000086600000|  0%| F|  |TAMS 0x0000000086500000, 0x0000000086500000| Untracked 
| 102|0x0000000086600000, 0x0000000086600000, 0x0000000086700000|  0%| F|  |TAMS 0x0000000086600000, 0x0000000086600000| Untracked 
| 103|0x0000000086700000, 0x0000000086700000, 0x0000000086800000|  0%| F|  |TAMS 0x0000000086700000, 0x0000000086700000| Untracked 
| 104|0x0000000086800000, 0x0000000086800000, 0x0000000086900000|  0%| F|  |TAMS 0x0000000086800000, 0x0000000086800000| Untracked 
| 105|0x0000000086900000, 0x0000000086900000, 0x0000000086a00000|  0%| F|  |TAMS 0x0000000086900000, 0x0000000086900000| Untracked 
| 106|0x0000000086a00000, 0x0000000086a00000, 0x0000000086b00000|  0%| F|  |TAMS 0x0000000086a00000, 0x0000000086a00000| Untracked 
| 107|0x0000000086b00000, 0x0000000086b00000, 0x0000000086c00000|  0%| F|  |TAMS 0x0000000086b00000, 0x0000000086b00000| Untracked 
| 108|0x0000000086c00000, 0x0000000086c00000, 0x0000000086d00000|  0%| F|  |TAMS 0x0000000086c00000, 0x0000000086c00000| Untracked 
| 109|0x0000000086d00000, 0x0000000086d00000, 0x0000000086e00000|  0%| F|  |TAMS 0x0000000086d00000, 0x0000000086d00000| Untracked 
| 110|0x0000000086e00000, 0x0000000086e00000, 0x0000000086f00000|  0%| F|  |TAMS 0x0000000086e00000, 0x0000000086e00000| Untracked 
| 111|0x0000000086f00000, 0x0000000086f00000, 0x0000000087000000|  0%| F|  |TAMS 0x0000000086f00000, 0x0000000086f00000| Untracked 
| 112|0x0000000087000000, 0x0000000087000000, 0x0000000087100000|  0%| F|  |TAMS 0x0000000087000000, 0x0000000087000000| Untracked 
| 196|0x000000008c400000, 0x000000008c400000, 0x000000008c500000|  0%| F|  |TAMS 0x000000008c400000, 0x000000008c400000| Untracked 
| 197|0x000000008c500000, 0x000000008c500000, 0x000000008c600000|  0%| F|  |TAMS 0x000000008c500000, 0x000000008c500000| Untracked 
| 198|0x000000008c600000, 0x000000008c600000, 0x000000008c700000|  0%| F|  |TAMS 0x000000008c600000, 0x000000008c600000| Untracked 
| 199|0x000000008c700000, 0x000000008c700000, 0x000000008c800000|  0%| F|  |TAMS 0x000000008c700000, 0x000000008c700000| Untracked 
| 200|0x000000008c800000, 0x000000008c800000, 0x000000008c900000|  0%| F|  |TAMS 0x000000008c800000, 0x000000008c800000| Untracked 
| 201|0x000000008c900000, 0x000000008c900000, 0x000000008ca00000|  0%| F|  |TAMS 0x000000008c900000, 0x000000008c900000| Untracked 
| 202|0x000000008ca00000, 0x000000008ca00000, 0x000000008cb00000|  0%| F|  |TAMS 0x000000008ca00000, 0x000000008ca00000| Untracked 
| 203|0x000000008cb00000, 0x000000008cb00000, 0x000000008cc00000|  0%| F|  |TAMS 0x000000008cb00000, 0x000000008cb00000| Untracked 
| 204|0x000000008cc00000, 0x000000008cc00000, 0x000000008cd00000|  0%| F|  |TAMS 0x000000008cc00000, 0x000000008cc00000| Untracked 
| 251|0x000000008fb00000, 0x000000008fb00000, 0x000000008fc00000|  0%| F|  |TAMS 0x000000008fb00000, 0x000000008fb00000| Untracked 

Card table byte_map: [0x0000017dbfb30000,0x0000017dbff30000] _byte_map_base: 0x0000017dbf730000

Marking Bits (Prev, Next): (CMBitMap*) 0x0000017dacd5d0c0, (CMBitMap*) 0x0000017dacd5d100
 Prev Bits: [0x0000017dc0330000, 0x0000017dc2330000)
 Next Bits: [0x0000017dc2330000, 0x0000017dc4330000)

Polling page: 0x0000017daa970000

Metaspace:

Usage:
  Non-class:     58.76 MB used.
      Class:      9.12 MB used.
       Both:     67.89 MB used.

Virtual space:
  Non-class space:       64.00 MB reserved,      59.06 MB ( 92%) committed,  1 nodes.
      Class space:        1.00 GB reserved,       9.38 MB ( <1%) committed,  1 nodes.
             Both:        1.06 GB reserved,      68.44 MB (  6%) committed. 

Chunk freelists:
   Non-Class:  4.50 MB
       Class:  6.55 MB
        Both:  11.05 MB

MaxMetaspaceSize: unlimited
CompressedClassSpaceSize: 1.00 GB
Initial GC threshold: 21.00 MB
Current GC threshold: 106.25 MB
CDS: off
MetaspaceReclaimPolicy: balanced
 - commit_granule_bytes: 65536.
 - commit_granule_words: 8192.
 - virtual_space_node_default_size: 8388608.
 - enlarge_chunks_in_place: 1.
 - new_chunks_are_fully_committed: 0.
 - uncommit_free_chunks: 1.
 - use_allocation_guard: 0.
 - handle_deallocations: 1.


Internal statistics:

num_allocs_failed_limit: 9.
num_arena_births: 756.
num_arena_deaths: 2.
num_vsnodes_births: 2.
num_vsnodes_deaths: 0.
num_space_committed: 1095.
num_space_uncommitted: 0.
num_chunks_returned_to_freelist: 20.
num_chunks_taken_from_freelist: 3173.
num_chunk_merges: 6.
num_chunk_splits: 2114.
num_chunks_enlarged: 1467.
num_inconsistent_stats: 0.

CodeHeap 'non-profiled nmethods': size=120000Kb used=4778Kb max_used=4778Kb free=115221Kb
 bounds [0x0000017db7cb0000, 0x0000017db8160000, 0x0000017dbf1e0000]
CodeHeap 'profiled nmethods': size=120000Kb used=14357Kb max_used=14357Kb free=105642Kb
 bounds [0x0000017db01e0000, 0x0000017db0ff0000, 0x0000017db7710000]
CodeHeap 'non-nmethods': size=5760Kb used=2358Kb max_used=2416Kb free=3402Kb
 bounds [0x0000017db7710000, 0x0000017db7980000, 0x0000017db7cb0000]
 total_blobs=8404 nmethods=7531 adapters=783
 compilation: enabled
              stopped_count=0, restarted_count=0
 full_count=0

Compilation events (20 events):
Event: 10.896 Thread 0x0000017dc71c2620 8283       3       org.gradle.internal.instantiation.generator.AbstractClassGenerator$InjectionAnnotationValidator::validateMethod (166 bytes)
Event: 10.897 Thread 0x0000017dc71c2620 nmethod 8283 0x0000017db0fe1010 code [0x0000017db0fe1380, 0x0000017db0fe2a08]
Event: 10.898 Thread 0x0000017dc71c2620 8284       3       java.util.LinkedHashMap::valuesToArray (38 bytes)
Event: 10.899 Thread 0x0000017dc71c2620 nmethod 8284 0x0000017db0fe3110 code [0x0000017db0fe32c0, 0x0000017db0fe3638]
Event: 10.899 Thread 0x0000017dc71c2620 8285       3       org.objectweb.asm.Frame::getInitializedType (153 bytes)
Event: 10.899 Thread 0x0000017dc71c2620 nmethod 8285 0x0000017db0fe3790 code [0x0000017db0fe3980, 0x0000017db0fe3ef8]
Event: 10.909 Thread 0x0000017dc71bdb40 nmethod 8225 0x0000017db8149810 code [0x0000017db8149d60, 0x0000017db814ee70]
Event: 10.909 Thread 0x0000017dc71bdb40 8276       4       org.objectweb.asm.Frame::execute (2318 bytes)
Event: 10.916 Thread 0x0000017dc71c2620 8286       3       org.objectweb.asm.ClassVisitor::visitInnerClass (20 bytes)
Event: 10.917 Thread 0x0000017dc71c2620 nmethod 8286 0x0000017db0fe4190 code [0x0000017db0fe4340, 0x0000017db0fe4548]
Event: 10.917 Thread 0x0000017dc71c2620 8287       3       org.gradle.internal.instantiation.generator.AsmBackedClassGenerator$ClassBuilderImpl::access$4300 (4 bytes)
Event: 10.917 Thread 0x0000017dc71c2620 nmethod 8287 0x0000017db0fe4610 code [0x0000017db0fe47a0, 0x0000017db0fe4898]
Event: 10.917 Thread 0x0000017dc71c2620 8288       3       org.objectweb.asm.Frame::addInitializedType (77 bytes)
Event: 10.917 Thread 0x0000017dc71c2620 nmethod 8288 0x0000017db0fe4910 code [0x0000017db0fe4ae0, 0x0000017db0fe5008]
Event: 10.923 Thread 0x0000017dcc75b710 nmethod 8262 0x0000017db8151e90 code [0x0000017db8152260, 0x0000017db8155010]
Event: 10.923 Thread 0x0000017dcc75b710 8270       4       org.objectweb.asm.Frame::pop (44 bytes)
Event: 10.923 Thread 0x0000017dcc75b710 nmethod 8270 0x0000017db8156990 code [0x0000017db8156b00, 0x0000017db8156b98]
Event: 10.928 Thread 0x0000017dcc75b710 8289       4       java.util.jar.JarFile::getManifest (5 bytes)
Event: 10.969 Thread 0x0000017dc71c2620 8291       3       java.util.concurrent.TimeUnit::toNanos (45 bytes)
Event: 10.969 Thread 0x0000017dc71c2620 nmethod 8291 0x0000017db0fe5190 code [0x0000017db0fe5340, 0x0000017db0fe55b8]

GC Heap History (20 events):
Event: 6.626 GC heap after
{Heap after GC invocations=13 (full 0):
 garbage-first heap   total 104448K, used 37920K [0x0000000080000000, 0x0000000100000000)
  region size 1024K, 6 young (6144K), 6 survivors (6144K)
 Metaspace       used 46999K, committed 47360K, reserved 1114112K
  class space    used 6233K, committed 6400K, reserved 1048576K
}
Event: 6.967 GC heap before
{Heap before GC invocations=13 (full 0):
 garbage-first heap   total 104448K, used 80928K [0x0000000080000000, 0x0000000100000000)
  region size 1024K, 48 young (49152K), 6 survivors (6144K)
 Metaspace       used 47306K, committed 47680K, reserved 1114112K
  class space    used 6269K, committed 6464K, reserved 1048576K
}
Event: 6.973 GC heap after
{Heap after GC invocations=14 (full 0):
 garbage-first heap   total 104448K, used 39646K [0x0000000080000000, 0x0000000100000000)
  region size 1024K, 5 young (5120K), 5 survivors (5120K)
 Metaspace       used 47306K, committed 47680K, reserved 1114112K
  class space    used 6269K, committed 6464K, reserved 1048576K
}
Event: 7.892 GC heap before
{Heap before GC invocations=14 (full 0):
 garbage-first heap   total 104448K, used 81630K [0x0000000080000000, 0x0000000100000000)
  region size 1024K, 46 young (47104K), 5 survivors (5120K)
 Metaspace       used 51107K, committed 51520K, reserved 1114112K
  class space    used 6685K, committed 6848K, reserved 1048576K
}
Event: 7.896 GC heap after
{Heap after GC invocations=15 (full 0):
 garbage-first heap   total 104448K, used 42882K [0x0000000080000000, 0x0000000100000000)
  region size 1024K, 6 young (6144K), 6 survivors (6144K)
 Metaspace       used 51107K, committed 51520K, reserved 1114112K
  class space    used 6685K, committed 6848K, reserved 1048576K
}
Event: 8.416 GC heap before
{Heap before GC invocations=15 (full 0):
 garbage-first heap   total 104448K, used 84866K [0x0000000080000000, 0x0000000100000000)
  region size 1024K, 45 young (46080K), 6 survivors (6144K)
 Metaspace       used 55041K, committed 55488K, reserved 1114112K
  class space    used 7247K, committed 7424K, reserved 1048576K
}
Event: 8.421 GC heap after
{Heap after GC invocations=16 (full 0):
 garbage-first heap   total 104448K, used 44784K [0x0000000080000000, 0x0000000100000000)
  region size 1024K, 5 young (5120K), 5 survivors (5120K)
 Metaspace       used 55041K, committed 55488K, reserved 1114112K
  class space    used 7247K, committed 7424K, reserved 1048576K
}
Event: 9.030 GC heap before
{Heap before GC invocations=16 (full 0):
 garbage-first heap   total 104448K, used 81648K [0x0000000080000000, 0x0000000100000000)
  region size 1024K, 42 young (43008K), 5 survivors (5120K)
 Metaspace       used 59749K, committed 60288K, reserved 1114112K
  class space    used 7988K, committed 8256K, reserved 1048576K
}
Event: 9.034 GC heap after
{Heap after GC invocations=17 (full 0):
 garbage-first heap   total 104448K, used 46647K [0x0000000080000000, 0x0000000100000000)
  region size 1024K, 5 young (5120K), 5 survivors (5120K)
 Metaspace       used 59749K, committed 60288K, reserved 1114112K
  class space    used 7988K, committed 8256K, reserved 1048576K
}
Event: 9.744 GC heap before
{Heap before GC invocations=18 (full 0):
 garbage-first heap   total 104448K, used 83511K [0x0000000080000000, 0x0000000100000000)
  region size 1024K, 41 young (41984K), 5 survivors (5120K)
 Metaspace       used 63788K, committed 64384K, reserved 1114112K
  class space    used 8650K, committed 8896K, reserved 1048576K
}
Event: 9.750 GC heap after
{Heap after GC invocations=19 (full 0):
 garbage-first heap   total 125952K, used 49393K [0x0000000080000000, 0x0000000100000000)
  region size 1024K, 5 young (5120K), 5 survivors (5120K)
 Metaspace       used 63788K, committed 64384K, reserved 1114112K
  class space    used 8650K, committed 8896K, reserved 1048576K
}
Event: 9.785 GC heap before
{Heap before GC invocations=19 (full 0):
 garbage-first heap   total 125952K, used 50417K [0x0000000080000000, 0x0000000100000000)
  region size 1024K, 6 young (6144K), 5 survivors (5120K)
 Metaspace       used 63836K, committed 64384K, reserved 1114112K
  class space    used 8654K, committed 8896K, reserved 1048576K
}
Event: 9.789 GC heap after
{Heap after GC invocations=20 (full 0):
 garbage-first heap   total 125952K, used 49986K [0x0000000080000000, 0x0000000100000000)
  region size 1024K, 1 young (1024K), 1 survivors (1024K)
 Metaspace       used 63836K, committed 64384K, reserved 1114112K
  class space    used 8654K, committed 8896K, reserved 1048576K
}
Event: 10.249 GC heap before
{Heap before GC invocations=20 (full 0):
 garbage-first heap   total 125952K, used 87874K [0x0000000080000000, 0x0000000100000000)
  region size 1024K, 33 young (33792K), 1 survivors (1024K)
 Metaspace       used 64681K, committed 65280K, reserved 1114112K
  class space    used 8734K, committed 8960K, reserved 1048576K
}
Event: 10.252 GC heap after
{Heap after GC invocations=21 (full 0):
 garbage-first heap   total 125952K, used 64218K [0x0000000080000000, 0x0000000100000000)
  region size 1024K, 7 young (7168K), 7 survivors (7168K)
 Metaspace       used 64681K, committed 65280K, reserved 1114112K
  class space    used 8734K, committed 8960K, reserved 1048576K
}
Event: 10.642 GC heap before
{Heap before GC invocations=22 (full 0):
 garbage-first heap   total 125952K, used 106202K [0x0000000080000000, 0x0000000100000000)
  region size 1024K, 41 young (41984K), 7 survivors (7168K)
 Metaspace       used 66876K, committed 67456K, reserved 1114112K
  class space    used 9023K, committed 9280K, reserved 1048576K
}
Event: 10.647 GC heap after
{Heap after GC invocations=23 (full 0):
 garbage-first heap   total 125952K, used 75162K [0x0000000080000000, 0x0000000100000000)
  region size 1024K, 5 young (5120K), 5 survivors (5120K)
 Metaspace       used 66876K, committed 67456K, reserved 1114112K
  class space    used 9023K, committed 9280K, reserved 1048576K
}
Event: 10.653 GC heap before
{Heap before GC invocations=23 (full 0):
 garbage-first heap   total 125952K, used 76186K [0x0000000080000000, 0x0000000100000000)
  region size 1024K, 6 young (6144K), 5 survivors (5120K)
 Metaspace       used 66943K, committed 67520K, reserved 1114112K
  class space    used 9032K, committed 9280K, reserved 1048576K
}
Event: 10.656 GC heap after
{Heap after GC invocations=24 (full 0):
 garbage-first heap   total 125952K, used 75078K [0x0000000080000000, 0x0000000100000000)
  region size 1024K, 1 young (1024K), 1 survivors (1024K)
 Metaspace       used 66943K, committed 67520K, reserved 1114112K
  class space    used 9032K, committed 9280K, reserved 1048576K
}
Event: 10.979 GC heap before
{Heap before GC invocations=24 (full 0):
 garbage-first heap   total 125952K, used 102726K [0x0000000080000000, 0x0000000100000000)
  region size 1024K, 28 young (28672K), 1 survivors (1024K)
 Metaspace       used 69514K, committed 70080K, reserved 1114112K
  class space    used 9342K, committed 9600K, reserved 1048576K
}

Dll operation events (3 events):
Event: 0.006 Loaded shared library C:\Program Files\Android\Android Studio\jbr\bin\java.dll
Event: 0.117 Loaded shared library C:\Program Files\Android\Android Studio\jbr\bin\zip.dll
Event: 0.428 Loaded shared library C:\Program Files\Android\Android Studio\jbr\bin\verify.dll

Deoptimization events (20 events):
Event: 10.856 Thread 0x0000017dcdf879c0 Uncommon trap: trap_request=0xffffffde fr.pc=0x0000017db7ceb8b8 relative=0x0000000000000098
Event: 10.856 Thread 0x0000017dcdf879c0 Uncommon trap: reason=class_check action=maybe_recompile pc=0x0000017db7ceb8b8 method=java.util.stream.IntPipeline$10$1.accept(I)V @ 8 c2
Event: 10.856 Thread 0x0000017dcdf879c0 DEOPT PACKING pc=0x0000017db7ceb8b8 sp=0x0000006dafaf5fd0
Event: 10.856 Thread 0x0000017dcdf879c0 DEOPT UNPACKING pc=0x0000017db77669a3 sp=0x0000006dafaf5f68 mode 2
Event: 10.856 Thread 0x0000017dcdf879c0 Uncommon trap: trap_request=0xffffffde fr.pc=0x0000017db7f9dad0 relative=0x0000000000000370
Event: 10.856 Thread 0x0000017dcdf879c0 Uncommon trap: reason=class_check action=maybe_recompile pc=0x0000017db7f9dad0 method=java.util.stream.AbstractPipeline.copyIntoWithCancel(Ljava/util/stream/Sink;Ljava/util/Spliterator;)Z @ 32 c2
Event: 10.856 Thread 0x0000017dcdf879c0 DEOPT PACKING pc=0x0000017db7f9dad0 sp=0x0000006dafaf6200
Event: 10.856 Thread 0x0000017dcdf879c0 DEOPT UNPACKING pc=0x0000017db77669a3 sp=0x0000006dafaf60c0 mode 2
Event: 10.856 Thread 0x0000017dcdf879c0 Uncommon trap: trap_request=0xffffffde fr.pc=0x0000017db7ceb8b8 relative=0x0000000000000098
Event: 10.856 Thread 0x0000017dcdf879c0 Uncommon trap: reason=class_check action=maybe_recompile pc=0x0000017db7ceb8b8 method=java.util.stream.IntPipeline$10$1.accept(I)V @ 8 c2
Event: 10.856 Thread 0x0000017dcdf879c0 DEOPT PACKING pc=0x0000017db7ceb8b8 sp=0x0000006dafaf5fd0
Event: 10.856 Thread 0x0000017dcdf879c0 DEOPT UNPACKING pc=0x0000017db77669a3 sp=0x0000006dafaf5f68 mode 2
Event: 10.856 Thread 0x0000017dcdf879c0 Uncommon trap: trap_request=0xffffffde fr.pc=0x0000017db7f9dad0 relative=0x0000000000000370
Event: 10.856 Thread 0x0000017dcdf879c0 Uncommon trap: reason=class_check action=maybe_recompile pc=0x0000017db7f9dad0 method=java.util.stream.AbstractPipeline.copyIntoWithCancel(Ljava/util/stream/Sink;Ljava/util/Spliterator;)Z @ 32 c2
Event: 10.856 Thread 0x0000017dcdf879c0 DEOPT PACKING pc=0x0000017db7f9dad0 sp=0x0000006dafaf6200
Event: 10.856 Thread 0x0000017dcdf879c0 DEOPT UNPACKING pc=0x0000017db77669a3 sp=0x0000006dafaf60c0 mode 2
Event: 10.856 Thread 0x0000017dcdf879c0 Uncommon trap: trap_request=0xffffffde fr.pc=0x0000017db7ceb8b8 relative=0x0000000000000098
Event: 10.856 Thread 0x0000017dcdf879c0 Uncommon trap: reason=class_check action=maybe_recompile pc=0x0000017db7ceb8b8 method=java.util.stream.IntPipeline$10$1.accept(I)V @ 8 c2
Event: 10.856 Thread 0x0000017dcdf879c0 DEOPT PACKING pc=0x0000017db7ceb8b8 sp=0x0000006dafaf5fc0
Event: 10.856 Thread 0x0000017dcdf879c0 DEOPT UNPACKING pc=0x0000017db77669a3 sp=0x0000006dafaf5f58 mode 2

Classes unloaded (16 events):
Event: 10.275 Thread 0x0000017dc717dd10 Unloading class 0x00000001006ba980 '_BuildScript_$_run_closure1$_closure2'
Event: 10.275 Thread 0x0000017dc717dd10 Unloading class 0x00000001006ba570 '_BuildScript_$_run_closure1'
Event: 10.275 Thread 0x0000017dc717dd10 Unloading class 0x00000001006ba000 '_BuildScript_'
Event: 10.275 Thread 0x0000017dc717dd10 Unloading class 0x00000001006b9ba0 '_BuildScript_$1$_asArguments_closure1'
Event: 10.275 Thread 0x0000017dc717dd10 Unloading class 0x00000001006b98d0 '_BuildScript_$1'
Event: 10.275 Thread 0x0000017dc717dd10 Unloading class 0x00000001006b94c0 'SetupUtpTestResultListenerAction$_execute_closure1$_closure2'
Event: 10.275 Thread 0x0000017dc717dd10 Unloading class 0x00000001006b90b0 'SetupUtpTestResultListenerAction$_execute_closure1'
Event: 10.276 Thread 0x0000017dc717dd10 Unloading class 0x00000001006b8df0 'SetupUtpTestResultListenerAction'
Event: 10.276 Thread 0x0000017dc717dd10 Unloading class 0x00000001006b8b20 'KotlinMppTestLogger$2'
Event: 10.276 Thread 0x0000017dc717dd10 Unloading class 0x00000001006b8820 'KotlinMppTestLogger$1'
Event: 10.276 Thread 0x0000017dc717dd10 Unloading class 0x00000001006b8410 'KotlinMppTestLogger$_logConfigurationError_closure2'
Event: 10.276 Thread 0x0000017dc717dd10 Unloading class 0x00000001006b8000 'KotlinMppTestLogger$_logTestEvent_closure1$_closure3$_closure5'
Event: 10.276 Thread 0x0000017dc717dd10 Unloading class 0x00000001006b4ad0 'KotlinMppTestLogger$_logTestEvent_closure1$_closure3$_closure4'
Event: 10.276 Thread 0x0000017dc717dd10 Unloading class 0x00000001006b46c0 'KotlinMppTestLogger$_logTestEvent_closure1$_closure3'
Event: 10.276 Thread 0x0000017dc717dd10 Unloading class 0x00000001006b42b0 'KotlinMppTestLogger$_logTestEvent_closure1'
Event: 10.276 Thread 0x0000017dc717dd10 Unloading class 0x00000001006b4000 'KotlinMppTestLogger'

Classes redefined (0 events):
No events

Internal exceptions (20 events):
Event: 9.562 Thread 0x0000017dcdf879c0 Exception <a 'java/lang/NoSuchMethodError'{0x00000000848dd7a0}: 'java.lang.Object java.lang.invoke.DirectMethodHandle$Holder.newInvokeSpecial(java.lang.Object, java.lang.Object, java.lang.Object, java.lang.Object, java.lang.Object, int)'> (0x00000000848dd7a0) 
thrown [s\src\hotspot\share\interpreter\linkResolver.cpp, line 771]
Event: 9.562 Thread 0x0000017dcdf879c0 Exception <a 'java/lang/NoSuchMethodError'{0x00000000848e2bb0}: 'java.lang.Object java.lang.invoke.DirectMethodHandle$Holder.invokeSpecial(java.lang.Object, java.lang.Object, java.lang.Object, java.lang.Object, java.lang.Object, java.lang.Object, int)'> (0x00000000848e2bb0) 
thrown [s\src\hotspot\share\interpreter\linkResolver.cpp, line 771]
Event: 9.563 Thread 0x0000017dcdf879c0 Exception <a 'java/lang/NoSuchMethodError'{0x00000000848e7948}: 'java.lang.Object java.lang.invoke.Invokers$Holder.linkToTargetMethod(java.lang.Object, java.lang.Object, java.lang.Object, java.lang.Object, int, java.lang.Object)'> (0x00000000848e7948) 
thrown [s\src\hotspot\share\interpreter\linkResolver.cpp, line 771]
Event: 9.567 Thread 0x0000017dcdf879c0 Exception <a 'java/lang/NoSuchMethodError'{0x000000008471a3f8}: 'java.lang.Object java.lang.invoke.DirectMethodHandle$Holder.invokeSpecial(java.lang.Object, java.lang.Object, java.lang.Object, java.lang.Object, java.lang.Object, long)'> (0x000000008471a3f8) 
thrown [s\src\hotspot\share\interpreter\linkResolver.cpp, line 771]
Event: 9.569 Thread 0x0000017dcdf879c0 Exception <a 'java/lang/NoSuchMethodError'{0x000000008473c380}: 'void java.lang.invoke.DirectMethodHandle$Holder.invokeStatic(java.lang.Object, java.lang.Object, java.lang.Object, int, java.lang.Object)'> (0x000000008473c380) 
thrown [s\src\hotspot\share\interpreter\linkResolver.cpp, line 771]
Event: 10.134 Thread 0x0000017dcdf879c0 Exception <a 'java/lang/NoSuchMethodError'{0x000000008631a9d0}: 'long java.lang.invoke.DirectMethodHandle$Holder.invokeVirtual(java.lang.Object, java.lang.Object)'> (0x000000008631a9d0) 
thrown [s\src\hotspot\share\interpreter\linkResolver.cpp, line 771]
Event: 10.136 Thread 0x0000017dcdf88e00 Exception <a 'java/lang/NoSuchMethodError'{0x00000000863899a8}: static Lorg/gradle/internal/build/event/types/DefaultOperationFinishedProgressEvent;.<clinit>()V> (0x00000000863899a8) 
thrown [s\src\hotspot\share\prims\jni.cpp, line 1108]
Event: 10.138 Thread 0x0000017dcdf88e00 Exception <a 'java/lang/NoSuchMethodError'{0x00000000863b3ca8}: static Lorg/gradle/internal/build/event/types/DefaultProjectConfigurationSuccessResult;.<clinit>()V> (0x00000000863b3ca8) 
thrown [s\src\hotspot\share\prims\jni.cpp, line 1108]
Event: 10.139 Thread 0x0000017dcdf88e00 Exception <a 'java/lang/NoSuchMethodError'{0x00000000863b8488}: static Lorg/gradle/internal/build/event/types/AbstractProjectConfigurationResult;.<clinit>()V> (0x00000000863b8488) 
thrown [s\src\hotspot\share\prims\jni.cpp, line 1108]
Event: 10.139 Thread 0x0000017dcdf88e00 Exception <a 'java/lang/NoSuchMethodError'{0x00000000863b9910}: static Lorg/gradle/internal/build/event/types/AbstractOperationResult;.<clinit>()V> (0x00000000863b9910) 
thrown [s\src\hotspot\share\prims\jni.cpp, line 1108]
Event: 10.139 Thread 0x0000017dcdf88e00 Exception <a 'java/lang/NoSuchMethodError'{0x00000000863badc8}: static Lorg/gradle/internal/build/event/types/AbstractResult;.<clinit>()V> (0x00000000863badc8) 
thrown [s\src\hotspot\share\prims\jni.cpp, line 1108]
Event: 10.140 Thread 0x0000017dcdf88e00 Exception <a 'java/lang/NoSuchMethodError'{0x00000000863d30a0}: static Lorg/gradle/internal/build/event/types/DefaultPluginApplicationResult;.<clinit>()V> (0x00000000863d30a0) 
thrown [s\src\hotspot\share\prims\jni.cpp, line 1108]
Event: 10.141 Thread 0x0000017dcdf88e00 Exception <a 'java/lang/NoSuchMethodError'{0x0000000086206030}: static Lorg/gradle/internal/build/event/types/DefaultBinaryPluginIdentifier;.<clinit>()V> (0x0000000086206030) 
thrown [s\src\hotspot\share\prims\jni.cpp, line 1108]
Event: 10.143 Thread 0x0000017dcdf88e00 Exception <a 'java/lang/NoSuchMethodError'{0x000000008629fab0}: static Lorg/gradle/internal/build/event/types/DefaultScriptPluginIdentifier;.<clinit>()V> (0x000000008629fab0) 
thrown [s\src\hotspot\share\prims\jni.cpp, line 1108]
Event: 10.183 Thread 0x0000017dcdf879c0 Implicit null exception at 0x0000017db8094992 to 0x0000017db8094fcc
Event: 10.183 Thread 0x0000017dcdf879c0 Implicit null exception at 0x0000017db8093b94 to 0x0000017db80941e8
Event: 10.316 Thread 0x0000017dcdf879c0 Exception <a 'java/lang/ClassNotFoundException'{0x000000008c909db0}: sun/misc/SharedSecrets> (0x000000008c909db0) 
thrown [s\src\hotspot\share\classfile\systemDictionary.cpp, line 256]
Event: 10.316 Thread 0x0000017dcdf879c0 Exception <a 'java/lang/ClassNotFoundException'{0x000000008c90b388}: org/gradle/api/internal/plugins/DefaultObjectConfigurationActionBeanInfo> (0x000000008c90b388) 
thrown [s\src\hotspot\share\classfile\systemDictionary.cpp, line 256]
Event: 10.317 Thread 0x0000017dcdf879c0 Exception <a 'java/lang/ClassNotFoundException'{0x000000008c921ac8}: org/gradle/api/internal/plugins/DefaultObjectConfigurationActionCustomizer> (0x000000008c921ac8) 
thrown [s\src\hotspot\share\classfile\systemDictionary.cpp, line 256]
Event: 10.787 Thread 0x0000017dcdf879c0 Exception <a 'java/lang/NoSuchMethodError'{0x0000000086d86928}: 'int java.lang.invoke.DirectMethodHandle$Holder.invokeInterface(java.lang.Object, java.lang.Object, java.lang.Object, java.lang.Object)'> (0x0000000086d86928) 
thrown [s\src\hotspot\share\interpreter\linkResolver.cpp, line 771]

VM Operations (20 events):
Event: 10.002 Executing VM operation: ICBufferFull done
Event: 10.140 Executing VM operation: ICBufferFull
Event: 10.141 Executing VM operation: ICBufferFull done
Event: 10.249 Executing VM operation: G1TryInitiateConcMark
Event: 10.253 Executing VM operation: G1TryInitiateConcMark done
Event: 10.275 Executing VM operation: G1PauseRemark
Event: 10.290 Executing VM operation: G1PauseRemark done
Event: 10.301 Executing VM operation: G1PauseCleanup
Event: 10.308 Executing VM operation: G1PauseCleanup done
Event: 10.642 Executing VM operation: G1CollectForAllocation
Event: 10.647 Executing VM operation: G1CollectForAllocation done
Event: 10.653 Executing VM operation: G1CollectForAllocation
Event: 10.656 Executing VM operation: G1CollectForAllocation done
Event: 10.776 Executing VM operation: HandshakeAllThreads
Event: 10.776 Executing VM operation: HandshakeAllThreads done
Event: 10.784 Executing VM operation: HandshakeAllThreads
Event: 10.784 Executing VM operation: HandshakeAllThreads done
Event: 10.786 Executing VM operation: HandshakeAllThreads
Event: 10.786 Executing VM operation: HandshakeAllThreads done
Event: 10.979 Executing VM operation: G1CollectForAllocation

Events (20 events):
Event: 9.985 Thread 0x0000017dcdff23a0 Thread added: 0x0000017dcdff23a0
Event: 9.985 Thread 0x0000017dcdff32d0 Thread added: 0x0000017dcdff32d0
Event: 10.095 Thread 0x0000017dcdff79b0 Thread added: 0x0000017dcdff79b0
Event: 10.095 Thread 0x0000017dcdff0a50 Thread added: 0x0000017dcdff0a50
Event: 10.135 loading class java/util/stream/SortedOps$RefSortingSink
Event: 10.135 loading class java/util/stream/SortedOps$RefSortingSink done
Event: 10.142 loading class java/time/Ser
Event: 10.142 loading class java/time/Ser done
Event: 10.316 loading class sun/misc/SharedSecrets
Event: 10.316 loading class sun/misc/SharedSecrets done
Event: 10.708 Thread 0x0000017dcebd9ac0 Thread exited: 0x0000017dcebd9ac0
Event: 10.711 loading class java/util/Currency
Event: 10.711 loading class java/util/Currency done
Event: 10.725 loading class java/util/concurrent/atomic/AtomicLongArray
Event: 10.725 loading class java/util/concurrent/atomic/AtomicLongArray done
Event: 10.855 loading class sun/text/resources/cldr/FormatData_en
Event: 10.855 loading class sun/text/resources/cldr/FormatData_en done
Event: 10.855 loading class sun/text/resources/cldr/FormatData_en_US
Event: 10.855 loading class sun/text/resources/cldr/FormatData_en_US done
Event: 10.913 Thread 0x0000017dd04ff980 Thread added: 0x0000017dd04ff980


Dynamic libraries:
0x00007ff742380000 - 0x00007ff74238a000 	C:\Program Files\Android\Android Studio\jbr\bin\java.exe
0x00007ffbe0610000 - 0x00007ffbe0808000 	C:\Windows\SYSTEM32\ntdll.dll
0x00007ffbdf1e0000 - 0x00007ffbdf2a1000 	C:\Windows\System32\KERNEL32.DLL
0x00007ffbddcc0000 - 0x00007ffbddfbd000 	C:\Windows\System32\KERNELBASE.dll
0x00007ffbde310000 - 0x00007ffbde410000 	C:\Windows\System32\ucrtbase.dll
0x00007ffbcd4e0000 - 0x00007ffbcd4f7000 	C:\Program Files\Android\Android Studio\jbr\bin\jli.dll
0x00007ffbd38a0000 - 0x00007ffbd38bb000 	C:\Program Files\Android\Android Studio\jbr\bin\VCRUNTIME140.dll
0x00007ffbdf460000 - 0x00007ffbdf5fd000 	C:\Windows\System32\USER32.dll
0x00007ffbc72b0000 - 0x00007ffbc754a000 	C:\Windows\WinSxS\amd64_microsoft.windows.common-controls_6595b64144ccf1df_6.0.19041.4355_none_60b8b9eb71f62e16\COMCTL32.dll
0x00007ffbde570000 - 0x00007ffbde592000 	C:\Windows\System32\win32u.dll
0x00007ffbde640000 - 0x00007ffbde66b000 	C:\Windows\System32\GDI32.dll
0x00007ffbde1f0000 - 0x00007ffbde307000 	C:\Windows\System32\gdi32full.dll
0x00007ffbde5a0000 - 0x00007ffbde63d000 	C:\Windows\System32\msvcp_win.dll
0x00007ffbdfdd0000 - 0x00007ffbdfe6e000 	C:\Windows\System32\msvcrt.dll
0x00007ffbde7f0000 - 0x00007ffbde81f000 	C:\Windows\System32\IMM32.DLL
0x00007ffbd4d10000 - 0x00007ffbd4d1c000 	C:\Program Files\Android\Android Studio\jbr\bin\vcruntime140_1.dll
0x00007ffbae6f0000 - 0x00007ffbae77d000 	C:\Program Files\Android\Android Studio\jbr\bin\msvcp140.dll
0x00007ffb6b7d0000 - 0x00007ffb6c453000 	C:\Program Files\Android\Android Studio\jbr\bin\server\jvm.dll
0x00007ffbdecb0000 - 0x00007ffbded60000 	C:\Windows\System32\ADVAPI32.dll
0x00007ffbdeae0000 - 0x00007ffbdeb80000 	C:\Windows\System32\sechost.dll
0x00007ffbdeb80000 - 0x00007ffbdeca3000 	C:\Windows\System32\RPCRT4.dll
0x00007ffbddfc0000 - 0x00007ffbddfe7000 	C:\Windows\System32\bcrypt.dll
0x00007ffbc4c00000 - 0x00007ffbc4c0a000 	C:\Windows\SYSTEM32\VERSION.dll
0x00007ffbce8e0000 - 0x00007ffbce907000 	C:\Windows\SYSTEM32\WINMM.dll
0x00007ffbdd850000 - 0x00007ffbdd89b000 	C:\Windows\SYSTEM32\POWRPROF.dll
0x00007ffbc04f0000 - 0x00007ffbc04f9000 	C:\Windows\SYSTEM32\WSOCK32.dll
0x00007ffbde9a0000 - 0x00007ffbdea0b000 	C:\Windows\System32\WS2_32.dll
0x00007ffbdd810000 - 0x00007ffbdd822000 	C:\Windows\SYSTEM32\UMPDC.dll
0x00007ffbdc510000 - 0x00007ffbdc522000 	C:\Windows\SYSTEM32\kernel.appcore.dll
0x00007ffbd8650000 - 0x00007ffbd865a000 	C:\Program Files\Android\Android Studio\jbr\bin\jimage.dll
0x00007ffbdc210000 - 0x00007ffbdc3f4000 	C:\Windows\SYSTEM32\DBGHELP.DLL
0x00007ffbc26f0000 - 0x00007ffbc2724000 	C:\Windows\SYSTEM32\dbgcore.DLL
0x00007ffbde0b0000 - 0x00007ffbde132000 	C:\Windows\System32\bcryptPrimitives.dll
0x00007ffbd4fa0000 - 0x00007ffbd4fae000 	C:\Program Files\Android\Android Studio\jbr\bin\instrument.dll
0x00007ffbd2900000 - 0x00007ffbd2925000 	C:\Program Files\Android\Android Studio\jbr\bin\java.dll
0x00007ffbd5030000 - 0x00007ffbd5048000 	C:\Program Files\Android\Android Studio\jbr\bin\zip.dll
0x00007ffbdf600000 - 0x00007ffbdfd6f000 	C:\Windows\System32\SHELL32.dll
0x00007ffbdba60000 - 0x00007ffbdc203000 	C:\Windows\SYSTEM32\windows.storage.dll
0x00007ffbe00c0000 - 0x00007ffbe0413000 	C:\Windows\System32\combase.dll
0x00007ffbdd680000 - 0x00007ffbdd6ae000 	C:\Windows\SYSTEM32\Wldp.dll
0x00007ffbde720000 - 0x00007ffbde7ed000 	C:\Windows\System32\OLEAUT32.dll
0x00007ffbdea10000 - 0x00007ffbdeabd000 	C:\Windows\System32\SHCORE.dll
0x00007ffbe0060000 - 0x00007ffbe00b5000 	C:\Windows\System32\shlwapi.dll
0x00007ffbddbf0000 - 0x00007ffbddc14000 	C:\Windows\SYSTEM32\profapi.dll
0x00007ffbd2ef0000 - 0x00007ffbd2f09000 	C:\Program Files\Android\Android Studio\jbr\bin\net.dll
0x00007ffbd7a20000 - 0x00007ffbd7b2d000 	C:\Windows\SYSTEM32\WINHTTP.dll
0x00007ffbdd3e0000 - 0x00007ffbdd44a000 	C:\Windows\system32\mswsock.dll
0x00007ffbcd6a0000 - 0x00007ffbcd6b6000 	C:\Program Files\Android\Android Studio\jbr\bin\nio.dll
0x00007ffbd5970000 - 0x00007ffbd5980000 	C:\Program Files\Android\Android Studio\jbr\bin\verify.dll
0x00007ffbd30a0000 - 0x00007ffbd30c7000 	C:\Users\PC\.gradle\native\c067742578af261105cb4f569cf0c3c89f3d7b1fecec35dd04571415982c5e48\windows-amd64\native-platform.dll
0x00007ffb81250000 - 0x00007ffb81394000 	C:\Users\PC\.gradle\native\38dada09dfb8b06ba9b0570ebf7e218e3eb74d4ef43ca46872605cf95ebc2f47\windows-amd64\native-platform-file-events.dll
0x00007ffbd72b0000 - 0x00007ffbd72b9000 	C:\Program Files\Android\Android Studio\jbr\bin\management.dll
0x00007ffbd5a70000 - 0x00007ffbd5a7b000 	C:\Program Files\Android\Android Studio\jbr\bin\management_ext.dll
0x00007ffbe0550000 - 0x00007ffbe0558000 	C:\Windows\System32\PSAPI.DLL
0x00007ffbdd5e0000 - 0x00007ffbdd5f8000 	C:\Windows\SYSTEM32\CRYPTSP.dll
0x00007ffbdcd00000 - 0x00007ffbdcd34000 	C:\Windows\system32\rsaenh.dll
0x00007ffbddbb0000 - 0x00007ffbddbde000 	C:\Windows\SYSTEM32\USERENV.dll
0x00007ffbdd5d0000 - 0x00007ffbdd5dc000 	C:\Windows\SYSTEM32\CRYPTBASE.dll
0x00007ffbdd0c0000 - 0x00007ffbdd0fb000 	C:\Windows\SYSTEM32\IPHLPAPI.DLL
0x00007ffbe05c0000 - 0x00007ffbe05c8000 	C:\Windows\System32\NSI.dll
0x00007ffbd4160000 - 0x00007ffbd4177000 	C:\Windows\SYSTEM32\dhcpcsvc6.DLL
0x00007ffbd3d30000 - 0x00007ffbd3d4d000 	C:\Windows\SYSTEM32\dhcpcsvc.DLL
0x00007ffbdd100000 - 0x00007ffbdd1ca000 	C:\Windows\SYSTEM32\DNSAPI.dll
0x00007ffbafdd0000 - 0x00007ffbafdd7000 	C:\Windows\system32\wshunix.dll

dbghelp: loaded successfully - version: 4.0.5 - missing functions: none
symbol engine: initialized successfully - sym options: 0x614 - pdb path: .;C:\Program Files\Android\Android Studio\jbr\bin;C:\Windows\SYSTEM32;C:\Windows\WinSxS\amd64_microsoft.windows.common-controls_6595b64144ccf1df_6.0.19041.4355_none_60b8b9eb71f62e16;C:\Program Files\Android\Android Studio\jbr\bin\server;C:\Users\PC\.gradle\native\c067742578af261105cb4f569cf0c3c89f3d7b1fecec35dd04571415982c5e48\windows-amd64;C:\Users\PC\.gradle\native\38dada09dfb8b06ba9b0570ebf7e218e3eb74d4ef43ca46872605cf95ebc2f47\windows-amd64

VM Arguments:
jvm_args: --add-opens=java.base/java.util=ALL-UNNAMED --add-opens=java.base/java.lang=ALL-UNNAMED --add-opens=java.base/java.lang.invoke=ALL-UNNAMED --add-opens=java.prefs/java.util.prefs=ALL-UNNAMED --add-opens=java.base/java.nio.charset=ALL-UNNAMED --add-opens=java.base/java.net=ALL-UNNAMED --add-opens=java.base/java.util.concurrent.atomic=ALL-UNNAMED -Xmx2048m -Dfile.encoding=UTF-8 -Duser.country=FR -Duser.language=fr -Duser.variant -javaagent:C:\Users\PC\.gradle\wrapper\dists\gradle-8.4-bin\1w5dpkrfk8irigvoxmyhowfim\gradle-8.4\lib\agents\gradle-instrumentation-agent-8.4.jar 
java_command: org.gradle.launcher.daemon.bootstrap.GradleDaemon 8.4
java_class_path (initial): C:\Users\PC\.gradle\wrapper\dists\gradle-8.4-bin\1w5dpkrfk8irigvoxmyhowfim\gradle-8.4\lib\gradle-launcher-8.4.jar
Launcher Type: SUN_STANDARD

[Global flags]
     intx CICompilerCount                          = 4                                         {product} {ergonomic}
     uint ConcGCThreads                            = 3                                         {product} {ergonomic}
     uint G1ConcRefinementThreads                  = 10                                        {product} {ergonomic}
   size_t G1HeapRegionSize                         = 1048576                                   {product} {ergonomic}
    uintx GCDrainStackTargetSize                   = 64                                        {product} {ergonomic}
   size_t InitialHeapSize                          = 264241152                                 {product} {ergonomic}
   size_t MarkStackSize                            = 4194304                                   {product} {ergonomic}
   size_t MaxHeapSize                              = 2147483648                                {product} {command line}
   size_t MaxNewSize                               = 1287651328                                {product} {ergonomic}
   size_t MinHeapDeltaBytes                        = 1048576                                   {product} {ergonomic}
   size_t MinHeapSize                              = 8388608                                   {product} {ergonomic}
    uintx NonNMethodCodeHeapSize                   = 5839372                                {pd product} {ergonomic}
    uintx NonProfiledCodeHeapSize                  = 122909434                              {pd product} {ergonomic}
    uintx ProfiledCodeHeapSize                     = 122909434                              {pd product} {ergonomic}
    uintx ReservedCodeCacheSize                    = 251658240                              {pd product} {ergonomic}
     bool SegmentedCodeCache                       = true                                      {product} {ergonomic}
   size_t SoftMaxHeapSize                          = 2147483648                             {manageable} {ergonomic}
     bool UseCompressedClassPointers               = true                           {product lp64_product} {ergonomic}
     bool UseCompressedOops                        = true                           {product lp64_product} {ergonomic}
     bool UseG1GC                                  = true                                      {product} {ergonomic}
     bool UseLargePagesIndividualAllocation        = false                                  {pd product} {ergonomic}

Logging:
Log output configuration:
 #0: stdout all=warning uptime,level,tags
 #1: stderr all=off uptime,level,tags

Environment Variables:
PATH=C:\Program Files\Common Files\Oracle\Java\javapath;C:\Program Files (x86)\Common Files\Oracle\Java\javapath;C:\Program Files\Python38\Scripts\;C:\Program Files\Python38\;C:\oraclexe\app\oracle\product\11.2.0\server\bin;C:\Windows\system32;C:\Windows;C:\Windows\System32\Wbem;C:\Windows\System32\WindowsPowerShell\v1.0\;C:\Windows\System32\OpenSSH\;c:\matlab6p1\bin\win32;C:\Program Files\Java\jdk-1.8\bin;C:\Program Files (x86)\SimpleIDE\propeller-gcc\bin;C:\Program Files\MongoDB\mongosh-2.1.5-win32-x64\bin;C:\Program Files\nodejs\;C:\Program Files\Java\jdk-11\bin;C:\Program Files\Git\cmd;C:\ProgramData\ComposerSetup\bin;C:\Users\PC\AppData\Local\Microsoft\WindowsApps;C:\Program Files\JetBrains\PyCharm 2023.2.3\bin;;C:\Program Files\JetBrains\PyCharm Edu 2022.2.2\bin;;C:\src\flutter\bin;C:\Users\PC\AppData\Local\Programs\Microsoft VS Code\bin;C:\Users\PC\AppData\Local\Programs\mongosh\;C:\Users\PC\AppData\Roaming\npm;C:\Users\PC\AppData\Roaming\npm;C:\Users\PC\AppData\Local\Pub\Cache\bin;C:\Program Files\PHP;C:\Users\PC\AppData\Roaming\Composer\vendor\bin
USERNAME=PC
OS=Windows_NT
PROCESSOR_IDENTIFIER=Intel64 Family 6 Model 154 Stepping 4, GenuineIntel
TMP=C:\Users\PC\AppData\Local\Temp
TEMP=C:\Users\PC\AppData\Local\Temp



Periodic native trim disabled

JNI global refs:
JNI global refs: 27, weak refs: 1

JNI global refs memory usage: 843, weak refs: 841

OOME stack traces (most recent first):
Classloader memory used:
Loader org.gradle.internal.classloader.VisitableURLClassLoader                         : 4474K
Loader bootstrap                                                                       : 2516K
Loader org.gradle.initialization.MixInLegacyTypesClassLoader                           : 1052K
Loader org.gradle.internal.classloader.VisitableURLClassLoader$InstrumentingVisitableURLClassLoader: 510K
Loader jdk.internal.loader.ClassLoaders$PlatformClassLoader                            : 68821B
Loader jdk.internal.loader.ClassLoaders$AppClassLoader                                 : 28453B
Loader jdk.internal.reflect.DelegatingClassLoader                                      : 28144B
Loader org.gradle.internal.classloader.VisitableURLClassLoader                         : 8868B
Loader org.gradle.groovy.scripts.internal.DefaultScriptCompilationHandler$ScriptClassLoader: 4361B
Loader org.codehaus.groovy.runtime.callsite.CallSiteClassLoader                        : 1270B

Classes loaded by more than one classloader:
Class Program                                                                         : loaded 4 times (x 72B)
Class com.google.common.collect.Iterators$MergingIterator                             : loaded 2 times (x 79B)
Class [Lcom.google.common.collect.AbstractMapEntry;                                   : loaded 2 times (x 67B)
Class com.google.common.collect.SingletonImmutableList                                : loaded 2 times (x 167B)
Class org.gradle.internal.classpath.ClassPath                                         : loaded 2 times (x 68B)
Class org.gradle.api.internal.classpath.DefaultModuleRegistry                         : loaded 2 times (x 84B)
Class Settings_gradle$1$1                                                             : loaded 2 times (x 72B)
Class com.google.common.collect.ListMultimap                                          : loaded 2 times (x 68B)
Class com.google.common.base.CharMatcher$JavaDigit                                    : loaded 2 times (x 109B)
Class com.google.common.base.CharMatcher$Digit                                        : loaded 2 times (x 110B)
Class com.google.common.collect.AbstractMultimap                                      : loaded 2 times (x 121B)
Class org.gradle.api.Action                                                           : loaded 2 times (x 68B)
Class com.google.common.collect.ImmutableEntry                                        : loaded 2 times (x 80B)
Class com.google.common.collect.Lists$StringAsImmutableList                           : loaded 2 times (x 167B)
Class com.google.common.base.CharMatcher                                              : loaded 2 times (x 109B)
Class com.google.common.base.CharMatcher$IsNot                                        : loaded 2 times (x 109B)
Class com.google.common.base.Splitter                                                 : loaded 2 times (x 70B)
Class com.google.common.collect.Iterators$ArrayItr                                    : loaded 2 times (x 95B)
Class org.gradle.api.internal.DefaultClassPathProvider                                : loaded 2 times (x 74B)
Class org.gradle.internal.installation.GradleInstallation$1                           : loaded 2 times (x 73B)
Class com.google.common.base.CharMatcher$BitSetMatcher                                : loaded 2 times (x 110B)
Class com.google.common.collect.ImmutableMap$IteratorBasedImmutableMap                : loaded 2 times (x 123B)
Class com.google.common.collect.ImmutableMap                                          : loaded 2 times (x 118B)
Class com.google.common.base.Converter                                                : loaded 2 times (x 88B)
Class com.google.common.collect.ImmutableSet$EmptySetBuilderImpl                      : loaded 2 times (x 74B)
Class com.google.common.base.Predicate                                                : loaded 2 times (x 68B)
Class org.gradle.internal.classloader.FilteringClassLoader                            : loaded 2 times (x 103B)
Class com.google.common.collect.RegularImmutableSet                                   : loaded 2 times (x 146B)
Class org.gradle.internal.classpath.DefaultClassPath$ImmutableUniqueList$Builder      : loaded 2 times (x 73B)
Class com.google.common.collect.Maps$8                                                : loaded 2 times (x 80B)
Class com.google.common.base.PatternCompiler                                          : loaded 2 times (x 68B)
Class com.google.common.base.CharMatcher$InRange                                      : loaded 2 times (x 109B)
Class com.google.common.collect.BiMap                                                 : loaded 2 times (x 68B)
Class com.google.common.collect.Lists                                                 : loaded 2 times (x 69B)
Class com.google.common.math.IntMath$1                                                : loaded 2 times (x 69B)
Class org.gradle.internal.classloader.ClassLoaderVisitor                              : loaded 2 times (x 74B)
Class com.google.common.math.MathPreconditions                                        : loaded 2 times (x 69B)
Class org.gradle.internal.service.DefaultServiceLocator                               : loaded 2 times (x 81B)
Class org.gradle.internal.service.UnknownServiceException                             : loaded 2 times (x 81B)
Class com.google.common.collect.ArrayListMultimap                                     : loaded 2 times (x 170B)
Class com.google.common.base.Strings                                                  : loaded 2 times (x 69B)
Class org.gradle.internal.classloader.DefaultClassLoaderFactory                       : loaded 2 times (x 80B)
Class com.google.common.collect.UnmodifiableIterator                                  : loaded 2 times (x 78B)
Class com.google.common.base.Platform$JdkPatternCompiler                              : loaded 2 times (x 73B)
Class com.google.common.base.CharMatcher$SingleWidth                                  : loaded 2 times (x 110B)
Class com.google.common.collect.Hashing                                               : loaded 2 times (x 69B)
Class com.google.common.base.JdkPattern                                               : loaded 2 times (x 73B)
Class com.google.common.collect.Multimap                                              : loaded 2 times (x 68B)
Class org.gradle.internal.classloader.VisitableURLClassLoader$Spec                    : loaded 2 times (x 72B)
Class org.gradle.api.GradleException                                                  : loaded 2 times (x 80B)
Class com.google.common.base.CharMatcher$JavaLetterOrDigit                            : loaded 2 times (x 109B)
Class org.gradle.api.internal.classpath.ModuleRegistry                                : loaded 2 times (x 68B)
Class com.google.common.collect.ImmutableCollection                                   : loaded 2 times (x 123B)
Class org.gradle.api.internal.ClassPathProvider                                       : loaded 2 times (x 68B)
Class com.google.common.collect.RegularImmutableMap$Values                            : loaded 2 times (x 167B)
Class org.gradle.internal.classloader.ClasspathUtil$1                                 : loaded 2 times (x 74B)
Class com.google.common.collect.ImmutableEnumMap                                      : loaded 2 times (x 123B)
Class com.google.common.collect.ImmutableList$ReverseImmutableList                    : loaded 2 times (x 168B)
Class org.gradle.internal.classloader.ClassLoaderFactory                              : loaded 2 times (x 68B)
Class com.google.common.collect.ObjectArrays                                          : loaded 2 times (x 69B)
Class com.google.common.collect.Iterators$10                                          : loaded 2 times (x 79B)
Class com.google.common.collect.ImmutableList                                         : loaded 2 times (x 166B)
Class org.gradle.api.internal.classpath.ManifestUtil                                  : loaded 2 times (x 69B)
Class org.gradle.api.specs.Spec                                                       : loaded 2 times (x 68B)
Class com.google.common.base.CharMatcher$Whitespace                                   : loaded 2 times (x 110B)
Class com.google.common.collect.Iterators$1                                           : loaded 2 times (x 79B)
Class com.google.common.collect.Iterators$4                                           : loaded 2 times (x 80B)
Class com.google.common.collect.RegularImmutableMap$BucketOverflowException           : loaded 2 times (x 80B)
Class com.google.common.collect.Iterators$5                                           : loaded 2 times (x 80B)
Class com.google.common.base.Preconditions                                            : loaded 2 times (x 69B)
Class com.google.common.base.Function                                                 : loaded 2 times (x 68B)
Class com.google.common.collect.Iterators$9                                           : loaded 2 times (x 79B)
Class org.gradle.internal.IoActions                                                   : loaded 2 times (x 69B)
Class com.google.common.collect.RegularImmutableMap$KeySet                            : loaded 2 times (x 148B)
Class com.google.common.collect.CollectPreconditions                                  : loaded 2 times (x 69B)
Class com.google.common.collect.Maps                                                  : loaded 2 times (x 69B)
Class com.google.common.collect.RegularImmutableMap                                   : loaded 2 times (x 119B)
Class com.google.common.collect.AbstractIndexedListIterator                           : loaded 2 times (x 94B)
Class com.google.common.base.CharMatcher$None                                         : loaded 2 times (x 110B)
Class org.gradle.api.internal.classpath.EffectiveClassPath                            : loaded 2 times (x 88B)
Class com.google.common.collect.UnmodifiableListIterator                              : loaded 2 times (x 93B)
Class com.google.common.collect.ImmutableList$1                                       : loaded 2 times (x 95B)
Class com.google.common.base.Splitter$Strategy                                        : loaded 2 times (x 68B)
Class com.google.common.collect.ImmutableMapEntrySet$RegularEntrySet                  : loaded 2 times (x 149B)
Class [Lcom.google.common.collect.ImmutableMapEntry;                                  : loaded 2 times (x 67B)
Class org.gradle.internal.installation.CurrentGradleInstallation                      : loaded 2 times (x 71B)
Class org.gradle.internal.agents.InstrumentingClassLoader                             : loaded 2 times (x 68B)
Class org.gradle.internal.installation.CurrentGradleInstallationLocator               : loaded 2 times (x 69B)
Class org.gradle.api.internal.classpath.Module                                        : loaded 2 times (x 68B)
Class com.google.common.base.Splitter$1$1                                             : loaded 2 times (x 84B)
Class com.google.common.collect.ImmutableSet$JdkBackedSetBuilderImpl                  : loaded 2 times (x 74B)
Class com.google.common.collect.ImmutableSet$RegularSetBuilderImpl                    : loaded 2 times (x 75B)
Class org.gradle.internal.service.CachingServiceLocator                               : loaded 2 times (x 80B)
Class [Lcom.google.common.collect.ImmutableEntry;                                     : loaded 2 times (x 67B)
Class org.gradle.internal.classpath.DefaultClassPath                                  : loaded 2 times (x 88B)
Class com.google.common.base.Splitter$SplittingIterator                               : loaded 2 times (x 82B)
Class Build_gradle$1                                                                  : loaded 2 times (x 76B)
Class com.google.common.base.CharMatcher$Is                                           : loaded 2 times (x 109B)
Class com.google.common.base.Platform                                                 : loaded 2 times (x 69B)
Class com.google.common.collect.RegularImmutableAsList                                : loaded 2 times (x 176B)
Class com.google.common.collect.PeekingIterator                                       : loaded 2 times (x 68B)
Class com.google.common.collect.ImmutableMapEntrySet                                  : loaded 2 times (x 149B)
Class com.google.common.collect.ImmutableBiMapFauxverideShim                          : loaded 2 times (x 118B)
Class org.gradle.internal.classloader.SystemClassLoaderSpec                           : loaded 2 times (x 69B)
Class com.google.common.collect.SingletonImmutableSet                                 : loaded 2 times (x 144B)
Class [Lcom.google.common.base.AbstractIterator$State;                                : loaded 2 times (x 67B)
Class com.google.common.collect.ImmutableMap$Builder                                  : loaded 2 times (x 80B)
Class com.google.common.base.AbstractIterator                                         : loaded 2 times (x 78B)
Class com.google.common.base.AbstractIterator$1                                       : loaded 2 times (x 69B)
Class com.google.common.collect.Iterators                                             : loaded 2 times (x 69B)
Class com.google.common.base.CharMatcher$1                                            : loaded 2 times (x 111B)
Class com.google.common.base.CharMatcher$Ascii                                        : loaded 2 times (x 110B)
Class org.gradle.api.UncheckedIOException                                             : loaded 2 times (x 80B)
Class com.google.common.base.CharMatcher$And                                          : loaded 2 times (x 110B)
Class com.google.common.collect.IndexedImmutableSet                                   : loaded 2 times (x 148B)
Class com.google.common.collect.AbstractListMultimap                                  : loaded 2 times (x 170B)
Class com.google.common.base.CharMatcher$Any                                          : loaded 2 times (x 110B)
Class org.gradle.internal.installation.GradleInstallation                             : loaded 2 times (x 73B)
Class com.google.common.collect.ArrayListMultimapGwtSerializationDependencies         : loaded 2 times (x 170B)
Class com.google.common.base.CharMatcher$RangesMatcher                                : loaded 2 times (x 110B)
Class com.google.common.collect.ImmutableList$SubList                                 : loaded 2 times (x 168B)
Class org.gradle.internal.classloader.ClasspathUtil                                   : loaded 2 times (x 69B)
Class com.google.common.base.Splitter$1                                               : loaded 2 times (x 75B)
Class com.google.common.collect.Maps$BiMapConverter                                   : loaded 2 times (x 88B)
Class org.gradle.api.internal.DefaultClassPathRegistry                                : loaded 2 times (x 74B)
Class com.google.common.collect.ImmutableSet$SetBuilderImpl                           : loaded 2 times (x 74B)
Class org.gradle.api.internal.classpath.DefaultModuleRegistry$DefaultModule           : loaded 2 times (x 84B)
Class com.google.common.base.CharMatcher$JavaIsoControl                               : loaded 2 times (x 110B)
Class com.google.common.collect.ImmutableMap$1                                        : loaded 2 times (x 79B)
Class com.google.common.base.CharMatcher$Or                                           : loaded 2 times (x 110B)
Class org.gradle.kotlin.dsl.VersionCatalogAccessorsKt                                 : loaded 2 times (x 69B)
Class com.google.common.collect.Iterables                                             : loaded 2 times (x 69B)
Class com.google.common.base.CharMatcher$JavaLowerCase                                : loaded 2 times (x 109B)
Class org.gradle.api.internal.classpath.UnknownModuleException                        : loaded 2 times (x 80B)
Class com.google.common.collect.Maps$EntryTransformer                                 : loaded 2 times (x 68B)
Class com.google.common.collect.ImmutableCollection$Builder                           : loaded 2 times (x 74B)
Class com.google.common.base.CommonPattern                                            : loaded 2 times (x 72B)
Class org.gradle.internal.service.ServiceLookupException                              : loaded 2 times (x 80B)
Class org.gradle.cache.GlobalCache                                                    : loaded 2 times (x 68B)
Class com.google.common.base.CharMatcher$NegatedFastMatcher                           : loaded 2 times (x 111B)
Class [Lorg.gradle.api.internal.ClassPathProvider;                                    : loaded 2 times (x 67B)
Class org.gradle.util.internal.GUtil                                                  : loaded 2 times (x 69B)
Class com.google.common.math.IntMath                                                  : loaded 2 times (x 69B)
Class com.google.common.collect.AbstractIterator                                      : loaded 2 times (x 80B)
Class org.gradle.internal.classloader.ClassLoaderSpec                                 : loaded 2 times (x 69B)
Class com.google.common.base.NullnessCasts                                            : loaded 2 times (x 69B)
Class com.google.common.collect.AbstractMapEntry                                      : loaded 2 times (x 79B)
Class com.google.common.base.CharMatcher$Negated                                      : loaded 2 times (x 111B)
Class com.google.common.collect.ImmutableSet$Builder                                  : loaded 2 times (x 83B)
Class com.google.common.base.CharMatcher$ForPredicate                                 : loaded 2 times (x 110B)
Class com.google.common.collect.ImmutableMap$MapViewOfValuesAsSingletonSets           : loaded 2 times (x 123B)
Class com.google.common.collect.SortedMapDifference                                   : loaded 2 times (x 68B)
Class org.gradle.internal.classloader.VisitableURLClassLoader                         : loaded 2 times (x 115B)
Class com.google.common.collect.ImmutableBiMap                                        : loaded 2 times (x 141B)
Class org.gradle.internal.Cast                                                        : loaded 2 times (x 69B)
Class Build_gradle                                                                    : loaded 2 times (x 70B)
Class org.gradle.api.internal.ClassPathRegistry                                       : loaded 2 times (x 68B)
Class com.google.common.collect.ImmutableSet                                          : loaded 2 times (x 143B)
Class org.gradle.internal.classloader.VisitableURLClassLoader$InstrumentingVisitableURLClassLoader: loaded 2 times (x 121B)
Class org.gradle.internal.classloader.ClassLoaderHierarchy                            : loaded 2 times (x 68B)
Class com.google.common.base.AbstractIterator$State                                   : loaded 2 times (x 77B)
Class com.google.common.base.CharMatcher$NamedFastMatcher                             : loaded 2 times (x 110B)
Class org.gradle.internal.InternalTransformer                                         : loaded 2 times (x 68B)
Class org.gradle.internal.service.ServiceLocator                                      : loaded 2 times (x 68B)
Class Settings_gradle$1                                                               : loaded 2 times (x 72B)
Class com.google.common.collect.ImmutableMapEntry                                     : loaded 2 times (x 83B)
Class com.google.common.base.CharMatcher$Invisible                                    : loaded 2 times (x 110B)
Class com.google.common.base.CharMatcher$FastMatcher                                  : loaded 2 times (x 109B)
Class org.gradle.internal.classpath.DefaultClassPath$ImmutableUniqueList              : loaded 2 times (x 159B)
Class com.google.common.base.CharMatcher$JavaLetter                                   : loaded 2 times (x 109B)
Class org.gradle.internal.classpath.TransformedClassPath                              : loaded 2 times (x 94B)
Class com.google.common.collect.MapDifference                                         : loaded 2 times (x 68B)
Class Settings_gradle                                                                 : loaded 2 times (x 126B)
Class com.google.common.collect.Platform                                              : loaded 2 times (x 69B)
Class com.google.common.collect.ImmutableAsList                                       : loaded 2 times (x 169B)
Class com.google.common.base.CharMatcher$AnyOf                                        : loaded 2 times (x 110B)
Class com.google.common.base.CharMatcher$IsEither                                     : loaded 2 times (x 109B)
Class com.google.common.collect.RegularImmutableList                                  : loaded 2 times (x 172B)
Class com.google.common.base.CharMatcher$JavaUpperCase                                : loaded 2 times (x 109B)
Class com.google.common.collect.Multiset                                              : loaded 2 times (x 68B)
Class com.google.common.collect.ImmutableSet$CachingAsList                            : loaded 2 times (x 145B)
Class com.google.common.collect.ImmutableMapEntry$NonTerminalImmutableMapEntry        : loaded 2 times (x 83B)
Class com.google.common.collect.AbstractMapBasedMultimap                              : loaded 2 times (x 137B)


---------------  S Y S T E M  ---------------

OS:
 Windows 10 , 64 bit Build 19041 (10.0.19041.4842)
OS uptime: 12 days 4:35 hours

CPU: total 12 (initial active 12) (6 cores per cpu, 2 threads per core) family 6 model 154 stepping 4 microcode 0x42a, cx8, cmov, fxsr, ht, mmx, 3dnowpref, sse, sse2, sse3, ssse3, sse4.1, sse4.2, popcnt, lzcnt, tsc, tscinvbit, avx, avx2, aes, erms, clmul, bmi1, bmi2, adx, sha, fma, vzeroupper, clflush, clflushopt, clwb
Processor Information for all 12 processors :
  Max Mhz: 1800, Current Mhz: 1800, Mhz Limit: 1800

Memory: 4k page, system-wide physical 16089M (1416M free)
TotalPageFile size 65241M (AvailPageFile size 36M)
current process WorkingSet (physical memory assigned to process): 330M, peak: 331M
current process commit charge ("private bytes"): 370M, peak: 453M

vm_info: OpenJDK 64-Bit Server VM (17.0.9+0--11185874) for windows-amd64 JRE (17.0.9+0--11185874), built on Dec  6 2023 18:57:44 by "androidbuild" with MS VC++ 16.10 / 16.11 (VS2019)

END.
